  IONOSPHERIC COMMUNICATIONS ANALYSIS AND PREDICTION PROGRAM
                     VOACAP   VERSION 16.1207W


          1         2         3         4         5         6         7
 123456789012345678901234567890123456789012345678901234567890123456789012345

 COMMENT    Any VOACAP default cards may be placed in the file: VOACAP.DEF
 LINEMAX      55       number of lines-per-page
 COEFFS    CCIR
 TIME          1   24    1    1
 MONTH      2025 1.00
 SUNSPOT   139.
 LABEL     TANGIER, Morocco    BELGRADE
 CIRCUIT   40.68N   104.96W    28.60N    13.88W  S     0
 SYSTEM       1.  73. 0.10  90.-30.0 3.00 0.10
 FPROB      1.00 1.00 1.00 0.00
 ANTENNA       1    1    2   30     0.000[default/isotrope     ]  0.0    0.0010
 ANTENNA       2    2    2   30     0.000[default/isotrope     ]  0.0    0.0000
 FREQUENCY 10.1414.09 7.0421.1024.9228.13 0.00 0.00 0.00 0.00 0.00
 METHOD       30    0
 EXECUTE
 QUIT
     CCIR Coefficients        ~METHOD 30   VOACAP L 16.1207W  PAGE   1

  Jan    2025          SSN = 139.                Minimum Angle= 0.100 degrees
  TANGIER, Morocco    BELGRADE              AZIMUTHS          N. MI.      KM
  40.68 N  104.96 W - 28.60 N   13.88 W     66.93  307.37    4357.0   8068.6
  XMTR  2-30 +  0.0 dBi[default/isotrope     ] Az=  0.0 OFFaz= 66.9   0.001kW
  RCVR  2-30 +  0.0 dBi[default/isotrope     ] Az=  0.0 OFFaz=307.4
  3 MHz NOISE =  -73.0 dBW     REQ. REL = 90%    REQ. SNR =-30.0 dB
  MULTIPATH POWER TOLERANCE =  3.0 dB   MULTIPATH DELAY TOLERANCE =  0.100 ms

   1.0 12.3 10.1 14.1  7.0 21.1 24.9 28.1  0.0  0.0  0.0  0.0  0.0 FREQ
       F2F2 F2F2 F2F2 F2F2 F2F2 F2F2 F2F2   -    -    -    -    -  MODE  
        3.0 10.0  3.0  6.8  9.0  3.7  3.7   -    -    -    -    -  TANGLE
        3.0  3.0  3.7  6.8  3.7  3.7  3.7   -    -    -    -    -  RANGLE
       28.3 28.2 28.4 28.2 29.1 28.7 28.7   -    -    -    -    -  DELAY 
        375  315  381  315  535  478  478   -    -    -    -    -  V HITE
       0.50 0.96 0.09 1.00 0.00 0.00 0.00   -    -    -    -    -  MUFday
        160  153  187  152  311  318  318   -    -    -    -    -  LOSS  
        -31  -26  -56  -28 -177 -182 -182   -    -    -    -    -  DBU   
       -160 -153 -187 -152 -311 -318 -318   -    -    -    -    -  S DBW 
        -90  -88  -92  -83  -96  -98 -100   -    -    -    -    -  N DBW 
        -70  -66  -95  -69 -215 -219 -218   -    -    -    -    -  SNR   
         67   54   92   52  197  202  201   -    -    -    -    -  RPWRG 
       0.00 0.00 0.00 0.00 0.00 0.00 0.00   -    -    -    -    -  REL   
       0.00 0.00 0.00 0.00 0.00 0.00 0.00   -    -    -    -    -  MPROB 
       0.03 0.02 0.00 0.01 0.00 0.00 0.00   -    -    -    -    -  S PRB 
       25.0 15.5 25.0  9.1  8.4  8.4  8.4   -    -    -    -    -  SIG LW
       15.3  7.0 25.0  6.2  6.1  6.1  6.1   -    -    -    -    -  SIG UP
       26.8 18.3 26.8 13.3 12.8 12.8 12.8   -    -    -    -    -  SNR LW
       16.5  9.2 25.7  8.6  8.6  8.6  8.6   -    -    -    -    -  SNR UP
        0.0  0.0  0.0  0.0  0.0  0.0  0.0   -    -    -    -    -  TGAIN 
        0.0  0.0  0.0  0.0  0.0  0.0  0.0   -    -    -    -    -  RGAIN 
        -97  -84 -122  -82 -227 -232 -231   -    -    -    -    -  SNRxx 

   2.0 11.7 10.1 14.1  7.0 21.1 24.9 28.1  0.0  0.0  0.0  0.0  0.0 FREQ
       F2F2 F2F2 F2F2 F2F2 F2F2 F2F2 F2F2   -    -    -    -    -  MODE  
        3.0  0.7 17.3 10.0  3.5  3.5  3.5   -    -    -    -    -  TANGLE
        3.0  0.7  3.5 12.0  3.5  3.5  3.5   -    -    -    -    -  RANGLE
       28.4 28.0 29.1 28.3 28.7 28.7 28.7   -    -    -    -    -  DELAY 
        382  360  510  304  472  472  472   -    -    -    -    -  V HITE
       0.50 0.89 0.04 1.00 0.00 0.00 0.00   -    -    -    -    -  MUFday
        160  150  190  153  317  318  319   -    -    -    -    -  LOSS  
        -31  -23  -60  -29 -183 -183 -183   -    -    -    -    -  DBU   
       -160 -150 -190 -153 -317 -318 -319   -    -    -    -    -  S DBW 
        -89  -88  -92  -83  -96  -98 -100   -    -    -    -    -  N DBW 
        -70  -62  -98  -70 -221 -220 -219   -    -    -    -    -  SNR   
         67   54   95   52  203  202  202   -    -    -    -    -  RPWRG 
       0.00 0.00 0.00 0.00 0.00 0.00 0.00   -    -    -    -    -  REL   
       0.00 0.00 0.00 0.00 0.00 0.00 0.00   -    -    -    -    -  MPROB 
       0.03 0.04 0.00 0.01 0.00 0.00 0.00   -    -    -    -    -  S PRB 
       25.0 19.7 25.0  8.4  8.1  8.1  8.1   -    -    -    -    -  SIG LW
       15.0  7.4 25.0  5.9  5.9  5.9  5.9   -    -    -    -    -  SIG UP
       26.8 21.9 26.8 12.8 12.7 12.7 12.7   -    -    -    -    -  SNR LW
       16.1  9.5 25.7  8.4  8.4  8.4  8.4   -    -    -    -    -  SNR UP
        0.0  0.0  0.0  0.0  0.0  0.0  0.0   -    -    -    -    -  TGAIN 
        0.0  0.0  0.0  0.0  0.0  0.0  0.0   -    -    -    -    -  RGAIN 
        -97  -84 -125  -82 -233 -232 -232   -    -    -    -    -  SNRxx 
     CCIR Coefficients         METHOD 30   VOACAP L 16.1207W  PAGE   2

  Jan    2025          SSN = 139.                Minimum Angle= 0.100 degrees
  TANGIER, Morocco    BELGRADE              AZIMUTHS          N. MI.      KM
  40.68 N  104.96 W - 28.60 N   13.88 W     66.93  307.37    4357.0   8068.6
  XMTR  2-30 +  0.0 dBi[default/isotrope     ] Az=  0.0 OFFaz= 66.9   0.001kW
  RCVR  2-30 +  0.0 dBi[default/isotrope     ] Az=  0.0 OFFaz=307.4
  3 MHz NOISE =  -73.0 dBW     REQ. REL = 90%    REQ. SNR =-30.0 dB
  MULTIPATH POWER TOLERANCE =  3.0 dB   MULTIPATH DELAY TOLERANCE =  0.100 ms

   3.0 12.4 10.1 14.1  7.0 21.1 24.9 28.1  0.0  0.0  0.0  0.0  0.0 FREQ
       F2F2 F2F2 F2F2 F2F2 F2F2 F2F2 F2F2   -    -    -    -    -  MODE  
        3.0 12.0  3.0  6.5  3.4  3.4  3.4   -    -    -    -    -  TANGLE
        3.0  3.0  3.4  6.5  3.4  3.4  3.4   -    -    -    -    -  RANGLE
       28.4 28.3 28.5 28.2 28.7 28.7 28.7   -    -    -    -    -  DELAY 
        398  335  417  308  468  468  468   -    -    -    -    -  V HITE
       0.50 0.95 0.12 1.00 0.00 0.00 0.00   -    -    -    -    -  MUFday
        160  153  181  152  318  319  320   -    -    -    -    -  LOSS  
        -31  -26  -50  -28 -185 -184 -184   -    -    -    -    -  DBU   
       -160 -153 -181 -152 -318 -319 -320   -    -    -    -    -  S DBW 
        -90  -88  -92  -83  -96  -98 -100   -    -    -    -    -  N DBW 
        -70  -65  -89  -69 -222 -221 -220   -    -    -    -    -  SNR   
         66   56   86   53  206  205  204   -    -    -    -    -  RPWRG 
       0.00 0.00 0.00 0.00 0.00 0.00 0.00   -    -    -    -    -  REL   
       0.00 0.00 0.00 0.00 0.00 0.00 0.00   -    -    -    -    -  MPROB 
       0.03 0.03 0.01 0.01 0.00 0.00 0.00   -    -    -    -    -  S PRB 
       25.0 17.6 25.0 10.9 10.0 10.0 10.0   -    -    -    -    -  SIG LW
       15.0  7.1 25.0  6.2 15.9  6.1  6.1   -    -    -    -    -  SIG UP
       26.8 20.1 26.8 14.6 13.9 13.9 13.9   -    -    -    -    -  SNR LW
       16.2  9.3 25.7  8.6 17.0  8.6  8.6   -    -    -    -    -  SNR UP
        0.0  0.0  0.0  0.0  0.0  0.0  0.0   -    -    -    -    -  TGAIN 
        0.0  0.0  0.0  0.0  0.0  0.0  0.0   -    -    -    -    -  RGAIN 
        -96  -86 -116  -83 -236 -235 -234   -    -    -    -    -  SNRxx 

   4.0 13.2 10.1 14.1  7.0 21.1 24.9 28.1  0.0  0.0  0.0  0.0  0.0 FREQ
       F2F2 F2F2 F2F2 F2F2 F2F2 F2F2 F2F2   -    -    -    -    -  MODE  
        3.0 14.0  3.0  6.4  3.5  3.5  3.5   -    -    -    -    -  TANGLE
        3.0  3.0  3.5  6.4  3.5  3.5  3.5   -    -    -    -    -  RANGLE
       28.5 28.4 28.7 28.2 28.7 28.7 28.7   -    -    -    -    -  DELAY 
        428  347  463  305  471  471  471   -    -    -    -    -  V HITE
       0.50 0.98 0.28 1.00 0.00 0.00 0.00   -    -    -    -    -  MUFday
        160  152  168  152  318  319  320   -    -    -    -    -  LOSS  
        -30  -25  -38  -28 -184 -184 -184   -    -    -    -    -  DBU   
       -160 -152 -168 -152 -318 -319 -320   -    -    -    -    -  S DBW 
        -91  -88  -92  -83  -96  -98 -100   -    -    -    -    -  N DBW 
        -69  -65  -76  -69 -221 -220 -220   -    -    -    -    -  SNR   
         66   53   73   54  206  206  205   -    -    -    -    -  RPWRG 
       0.00 0.00 0.00 0.00 0.00 0.00 0.00   -    -    -    -    -  REL   
       0.00 0.00 0.00 0.00 0.00 0.00 0.00   -    -    -    -    -  MPROB 
       0.03 0.02 0.02 0.01 0.00 0.00 0.00   -    -    -    -    -  S PRB 
       25.0 15.7 25.0 12.0 11.5 11.5 11.5   -    -    -    -    -  SIG LW
       14.8  6.6 20.1  6.2 25.0  6.2  6.2   -    -    -    -    -  SIG UP
       26.8 18.5 26.8 15.4 15.0 15.0 15.0   -    -    -    -    -  SNR LW
       15.9  8.9 21.0  8.7 25.7  8.6  8.6   -    -    -    -    -  SNR UP
        0.0  0.0  0.0  0.0  0.0  0.0  0.0   -    -    -    -    -  TGAIN 
        0.0  0.0  0.0  0.0  0.0  0.0  0.0   -    -    -    -    -  RGAIN 
        -96  -83 -103  -84 -236 -236 -235   -    -    -    -    -  SNRxx 
     CCIR Coefficients         METHOD 30   VOACAP L 16.1207W  PAGE   3

  Jan    2025          SSN = 139.                Minimum Angle= 0.100 degrees
  TANGIER, Morocco    BELGRADE              AZIMUTHS          N. MI.      KM
  40.68 N  104.96 W - 28.60 N   13.88 W     66.93  307.37    4357.0   8068.6
  XMTR  2-30 +  0.0 dBi[default/isotrope     ] Az=  0.0 OFFaz= 66.9   0.001kW
  RCVR  2-30 +  0.0 dBi[default/isotrope     ] Az=  0.0 OFFaz=307.4
  3 MHz NOISE =  -73.0 dBW     REQ. REL = 90%    REQ. SNR =-30.0 dB
  MULTIPATH POWER TOLERANCE =  3.0 dB   MULTIPATH DELAY TOLERANCE =  0.100 ms

   5.0 12.5 10.1 14.1  7.0 21.1 24.9 28.1  0.0  0.0  0.0  0.0  0.0 FREQ
       F2F2 F2F2 F2F2 F2F2 F2F2 F2F2 F2F2   -    -    -    -    -  MODE  
        3.0 16.0  3.8  6.9  3.8  3.8  3.8   -    -    -    -    -  TANGLE
        3.0  3.0  3.8  6.9  3.8  3.8  3.8   -    -    -    -    -  RANGLE
       28.5 28.6 28.7 28.2 28.7 28.7 28.7   -    -    -    -    -  DELAY 
        426  376  483  318  483  483  483   -    -    -    -    -  V HITE
       0.50 0.96 0.14 1.00 0.00 0.00 0.00   -    -    -    -    -  MUFday
        159  152  176  152  316  317  318   -    -    -    -    -  LOSS  
        -30  -25  -46  -27 -182 -182 -181   -    -    -    -    -  DBU   
       -159 -152 -176 -152 -316 -317 -318   -    -    -    -    -  S DBW 
        -90  -88  -92  -83  -96  -98 -100   -    -    -    -    -  N DBW 
        -69  -65  -85  -68 -219 -218 -218   -    -    -    -    -  SNR   
         66   55   82   54  204  203  202   -    -    -    -    -  RPWRG 
       0.00 0.00 0.00 0.00 0.00 0.00 0.00   -    -    -    -    -  REL   
       0.00 0.00 0.00 0.00 0.00 0.00 0.00   -    -    -    -    -  MPROB 
       0.03 0.03 0.01 0.01 0.00 0.00 0.00   -    -    -    -    -  S PRB 
       25.0 17.7 25.0 11.8 10.9 10.9 10.9   -    -    -    -    -  SIG LW
       14.5  6.8 25.0  6.1 22.2  6.0  6.0   -    -    -    -    -  SIG UP
       26.8 20.2 26.8 15.2 14.6 14.6 14.6   -    -    -    -    -  SNR LW
       15.7  9.1 25.7  8.5 23.0  8.5  8.5   -    -    -    -    -  SNR UP
        0.0  0.0  0.0  0.0  0.0  0.0  0.0   -    -    -    -    -  TGAIN 
        0.0  0.0  0.0  0.0  0.0  0.0  0.0   -    -    -    -    -  RGAIN 
        -96  -85 -112  -84 -234 -233 -232   -    -    -    -    -  SNRxx 

   6.0 10.6 10.1 14.1  7.0 21.1 24.9 28.1  0.0  0.0  0.0  0.0  0.0 FREQ
       F2F2 F2F2 F2F2 F2F2 F2F2 F2F2 F2F2   -    -    -    -    -  MODE  
        3.0 16.0  0.5 12.0  4.2  4.2  4.2   -    -    -    -    -  TANGLE
        3.0  3.0  4.2 16.0  4.2  4.2  4.2   -    -    -    -    -  RANGLE
       28.4 28.7 28.7 28.5 28.8 28.8 28.8   -    -    -    -    -  DELAY 
        406  410  486  340  500  500  500   -    -    -    -    -  V HITE
       0.50 0.62 0.00 0.99 0.00 0.00 0.00   -    -    -    -    -  MUFday
        157  154  236  153  312  313  314   -    -    -    -    -  LOSS  
        -30  -26 -106  -29 -178 -178 -177   -    -    -    -    -  DBU   
       -157 -154 -236 -153 -312 -313 -314   -    -    -    -    -  S DBW 
        -88  -88  -92  -83  -96  -98 -100   -    -    -    -    -  N DBW 
        -69  -66 -145  -70 -215 -214 -214   -    -    -    -    -  SNR   
         66   63  141   53  196  195  195   -    -    -    -    -  RPWRG 
       0.00 0.00 0.00 0.00 0.00 0.00 0.00   -    -    -    -    -  REL   
       0.00 0.00 0.00 0.00 0.00 0.00 0.00   -    -    -    -    -  MPROB 
       0.03 0.04 0.00 0.01 0.00 0.00 0.00   -    -    -    -    -  S PRB 
       25.0 25.0 25.0  9.1  4.7  4.7  4.7   -    -    -    -    -  SIG LW
       11.8 11.2 25.0  4.9  4.6  4.6  4.6   -    -    -    -    -  SIG UP
       26.8 26.8 26.8 13.3 10.8 10.8 10.8   -    -    -    -    -  SNR LW
       13.2 12.7 25.7  7.7  7.6  7.6  7.6   -    -    -    -    -  SNR UP
        0.0  0.0  0.0  0.0  0.0  0.0  0.0   -    -    -    -    -  TGAIN 
        0.0  0.0  0.0  0.0  0.0  0.0  0.0   -    -    -    -    -  RGAIN 
        -96  -93 -171  -83 -226 -225 -225   -    -    -    -    -  SNRxx 
     CCIR Coefficients         METHOD 30   VOACAP L 16.1207W  PAGE   4

  Jan    2025          SSN = 139.                Minimum Angle= 0.100 degrees
  TANGIER, Morocco    BELGRADE              AZIMUTHS          N. MI.      KM
  40.68 N  104.96 W - 28.60 N   13.88 W     66.93  307.37    4357.0   8068.6
  XMTR  2-30 +  0.0 dBi[default/isotrope     ] Az=  0.0 OFFaz= 66.9   0.001kW
  RCVR  2-30 +  0.0 dBi[default/isotrope     ] Az=  0.0 OFFaz=307.4
  3 MHz NOISE =  -73.0 dBW     REQ. REL = 90%    REQ. SNR =-30.0 dB
  MULTIPATH POWER TOLERANCE =  3.0 dB   MULTIPATH DELAY TOLERANCE =  0.100 ms

   7.0  9.9 10.1 14.1  7.0 21.1 24.9 28.1  0.0  0.0  0.0  0.0  0.0 FREQ
       F2F2 F2F2 F2F2 F2F2 F2F2 F2F2 F2F2   -    -    -    -    -  MODE  
        3.0 20.0  0.5  1.0  4.5  4.5  4.5   -    -    -    -    -  TANGLE
        3.0  3.0  4.5  1.0  4.5  4.5  4.5   -    -    -    -    -  RANGLE
       28.4 29.1 28.6 28.0 28.9 28.9 28.9   -    -    -    -    -  DELAY 
        403  490  467  370  511  511  511   -    -    -    -    -  V HITE
       0.50 0.42 0.00 0.98 0.00 0.00 0.00   -    -    -    -    -  MUFday
        156  157  269  146  311  312  313   -    -    -    -    -  LOSS  
        -29  -30 -139  -22 -177 -177 -176   -    -    -    -    -  DBU   
       -156 -157 -269 -146 -311 -312 -313   -    -    -    -    -  S DBW 
        -87  -88  -92  -83  -96  -98 -100   -    -    -    -    -  N DBW 
        -69  -70 -177  -63 -214 -213 -213   -    -    -    -    -  SNR   
         66   66  174   47  195  194  194   -    -    -    -    -  RPWRG 
       0.00 0.00 0.00 0.00 0.00 0.00 0.00   -    -    -    -    -  REL   
       0.00 0.00 0.00 0.00 0.00 0.00 0.00   -    -    -    -    -  MPROB 
       0.03 0.03 0.00 0.02 0.00 0.00 0.00   -    -    -    -    -  S PRB 
       25.0 25.0 25.0 10.7  5.4  5.4  5.4   -    -    -    -    -  SIG LW
       10.8 14.2 25.0  4.6  3.5  3.5  3.5   -    -    -    -    -  SIG UP
       26.8 26.8 26.8 14.4 11.1 11.1 11.1   -    -    -    -    -  SNR LW
       12.3 15.4 25.7  7.5  7.0  7.0  7.0   -    -    -    -    -  SNR UP
        0.0  0.0  0.0  0.0  0.0  0.0  0.0   -    -    -    -    -  TGAIN 
        0.0  0.0  0.0  0.0  0.0  0.0  0.0   -    -    -    -    -  RGAIN 
        -96  -96 -204  -77 -225 -224 -224   -    -    -    -    -  SNRxx 

   8.0 12.7 10.1 14.1  7.0 21.1 24.9 28.1  0.0  0.0  0.0  0.0  0.0 FREQ
       F2F2 F2F2 F2F2 F2F2 F2F2 F2F2 F2F2   -    -    -    -    -  MODE  
        3.0  0.7  3.0 12.0  4.0  4.0  4.0   -    -    -    -    -  TANGLE
        3.0  0.7  4.0 14.0  4.0  4.0  4.0   -    -    -    -    -  RANGLE
       28.5 28.0 28.7 28.5 28.8 28.8 28.8   -    -    -    -    -  DELAY 
        429  362  476  332  492  492  492   -    -    -    -    -  V HITE
       0.50 0.92 0.17 1.00 0.00 0.00 0.00   -    -    -    -    -  MUFday
        160  150  175  157  319  320  321   -    -    -    -    -  LOSS  
        -31  -23  -45  -33 -185 -185 -185   -    -    -    -    -  DBU   
       -160 -150 -175 -157 -319 -320 -321   -    -    -    -    -  S DBW 
        -90  -88  -92  -83  -96  -98 -100   -    -    -    -    -  N DBW 
        -70  -62  -84  -74 -223 -221 -221   -    -    -    -    -  SNR   
         67   55   81   58  206  205  204   -    -    -    -    -  RPWRG 
       0.00 0.00 0.00 0.00 0.00 0.00 0.00   -    -    -    -    -  REL   
       0.00 0.00 0.00 0.00 0.00 0.00 0.00   -    -    -    -    -  MPROB 
       0.03 0.03 0.01 0.01 0.00 0.00 0.00   -    -    -    -    -  S PRB 
       25.0 19.9 25.0 10.6  9.5  9.5  9.5   -    -    -    -    -  SIG LW
       12.9  8.0 23.2  5.8 16.4  5.8  5.8   -    -    -    -    -  SIG UP
       26.8 22.2 26.8 14.4 13.6 13.6 13.6   -    -    -    -    -  SNR LW
       14.3 10.0 23.9  8.3 17.5  8.3  8.3   -    -    -    -    -  SNR UP
        0.0  0.0  0.0  0.0  0.0  0.0  0.0   -    -    -    -    -  TGAIN 
        0.0  0.0  0.0  0.0  0.0  0.0  0.0   -    -    -    -    -  RGAIN 
        -97  -85 -111  -88 -236 -235 -234   -    -    -    -    -  SNRxx 
     CCIR Coefficients         METHOD 30   VOACAP L 16.1207W  PAGE   5

  Jan    2025          SSN = 139.                Minimum Angle= 0.100 degrees
  TANGIER, Morocco    BELGRADE              AZIMUTHS          N. MI.      KM
  40.68 N  104.96 W - 28.60 N   13.88 W     66.93  307.37    4357.0   8068.6
  XMTR  2-30 +  0.0 dBi[default/isotrope     ] Az=  0.0 OFFaz= 66.9   0.001kW
  RCVR  2-30 +  0.0 dBi[default/isotrope     ] Az=  0.0 OFFaz=307.4
  3 MHz NOISE =  -73.0 dBW     REQ. REL = 90%    REQ. SNR =-30.0 dB
  MULTIPATH POWER TOLERANCE =  3.0 dB   MULTIPATH DELAY TOLERANCE =  0.100 ms

   9.0 12.5 10.1 14.1  7.0 21.1 24.9 28.1  0.0  0.0  0.0  0.0  0.0 FREQ
       F2F2 F2F2 F2F2 F2F2 F2F2 F2F2 F2F2   -    -    -    -    -  MODE  
        3.0  0.5  4.0  7.0  4.0  4.0  4.0   -    -    -    -    -  TANGLE
       22.0  0.5 17.4  7.0  4.0  4.0  4.0   -    -    -    -    -  RANGLE
       29.2 27.9 29.2 28.3 28.8 28.8 28.8   -    -    -    -    -  DELAY 
        507  354  523  321  491  491  491   -    -    -    -    -  V HITE
       0.50 0.90 0.12 0.99 0.00 0.00 0.00   -    -    -    -    -  MUFday
        160  152  178  158  315  316  317   -    -    -    -    -  LOSS  
        -31  -25  -48  -34 -182 -181 -180   -    -    -    -    -  DBU   
       -160 -152 -178 -158 -315 -316 -317   -    -    -    -    -  S DBW 
        -90  -88  -92  -83  -96  -98 -100   -    -    -    -    -  N DBW 
        -70  -65  -86  -75 -219 -217 -217   -    -    -    -    -  SNR   
         67   57   83   60  202  200  200   -    -    -    -    -  RPWRG 
       0.00 0.00 0.00 0.00 0.00 0.00 0.00   -    -    -    -    -  REL   
       0.00 0.00 0.00 0.00 0.00 0.00 0.00   -    -    -    -    -  MPROB 
       0.03 0.03 0.01 0.01 0.00 0.00 0.00   -    -    -    -    -  S PRB 
       25.0 20.5 25.0 11.7  8.7  8.7  8.7   -    -    -    -    -  SIG LW
       14.7  8.3 25.0  6.3  5.9  5.9  5.9   -    -    -    -    -  SIG UP
       26.8 22.7 26.8 15.2 13.0 13.0 13.0   -    -    -    -    -  SNR LW
       15.8 10.3 25.7  8.7  8.4  8.4  8.4   -    -    -    -    -  SNR UP
        0.0  0.0  0.0  0.0  0.0  0.0  0.0   -    -    -    -    -  TGAIN 
        0.0  0.0  0.0  0.0  0.0  0.0  0.0   -    -    -    -    -  RGAIN 
        -97  -87 -113  -90 -232 -230 -230   -    -    -    -    -  SNRxx 

  10.0 10.1 10.1 14.1  7.0 21.1 24.9 28.1  0.0  0.0  0.0  0.0  0.0 FREQ
       F2F2 F2F2 F2F2 F2F2 F2F2 F2F2 F2F2   -    -    -    -    -  MODE  
        3.0  3.0  4.1  7.8  4.1  4.1  4.1   -    -    -    -    -  TANGLE
       11.0 11.0  2.9  7.8 13.8  7.2  4.1   -    -    -    -    -  RANGLE
       28.7 28.7 28.6 28.4 29.1 29.0 28.8   -    -    -    -    -  DELAY 
        431  431  447  341  521  543  493   -    -    -    -    -  V HITE
       0.50 0.50 0.00 0.88 0.00 0.00 0.00   -    -    -    -    -  MUFday
        166  166  276  166  304  317  316   -    -    -    -    -  LOSS  
        -38  -38 -145  -42 -171 -182 -180   -    -    -    -    -  DBU   
       -166 -166 -276 -166 -304 -317 -316   -    -    -    -    -  S DBW 
        -88  -88  -92  -83  -96  -98 -100   -    -    -    -    -  N DBW 
        -78  -78 -184  -83 -208 -218 -216   -    -    -    -    -  SNR   
         75   75  181   69  188  198  196   -    -    -    -    -  RPWRG 
       0.00 0.00 0.00 0.00 0.00 0.00 0.00   -    -    -    -    -  REL   
       0.00 0.00 0.00 0.00 0.00 0.00 0.00   -    -    -    -    -  MPROB 
       0.02 0.02 0.00 0.01 0.00 0.00 0.00   -    -    -    -    -  S PRB 
       25.0 25.0 25.0 13.3  3.2  3.2  3.2   -    -    -    -    -  SIG LW
       12.7 12.7 25.0  6.6  4.4  4.4  4.4   -    -    -    -    -  SIG UP
       26.8 26.8 26.8 16.5 10.2 10.2 10.2   -    -    -    -    -  SNR LW
       14.0 14.0 25.7  8.9  7.4  7.4  7.4   -    -    -    -    -  SNR UP
        0.0  0.0  0.0  0.0  0.0  0.0  0.0   -    -    -    -    -  TGAIN 
        0.0  0.0  0.0  0.0  0.0  0.0  0.0   -    -    -    -    -  RGAIN 
       -105 -105 -211  -99 -218 -228 -226   -    -    -    -    -  SNRxx 
     CCIR Coefficients         METHOD 30   VOACAP L 16.1207W  PAGE   6

  Jan    2025          SSN = 139.                Minimum Angle= 0.100 degrees
  TANGIER, Morocco    BELGRADE              AZIMUTHS          N. MI.      KM
  40.68 N  104.96 W - 28.60 N   13.88 W     66.93  307.37    4357.0   8068.6
  XMTR  2-30 +  0.0 dBi[default/isotrope     ] Az=  0.0 OFFaz= 66.9   0.001kW
  RCVR  2-30 +  0.0 dBi[default/isotrope     ] Az=  0.0 OFFaz=307.4
  3 MHz NOISE =  -73.0 dBW     REQ. REL = 90%    REQ. SNR =-30.0 dB
  MULTIPATH POWER TOLERANCE =  3.0 dB   MULTIPATH DELAY TOLERANCE =  0.100 ms

  11.0  9.7 10.1 14.1  7.0 21.1 24.9 28.1  0.0  0.0  0.0  0.0  0.0 FREQ
       F2F2 F2F2 F2F2 F2F2 F2F2 F2F2 F2F2   -    -    -    -    -  MODE  
        3.0  3.8  3.8 16.0  3.8  3.8  3.8   -    -    -    -    -  TANGLE
       16.3 15.2  8.0 25.0 21.0 15.2 10.9   -    -    -    -    -  RANGLE
       28.7 28.7 28.6 28.8 29.2 29.1 29.1   -    -    -    -    -  DELAY 
        406  411  416  367  494  510  524   -    -    -    -    -  V HITE
       0.50 0.33 0.00 0.97 0.00 0.00 0.00   -    -    -    -    -  MUFday
        173  178  302  184  295  305  314   -    -    -    -    -  LOSS  
        -46  -51 -172  -60 -161 -170 -177   -    -    -    -    -  DBU   
       -173 -178 -302 -184 -295 -305 -314   -    -    -    -    -  S DBW 
        -87  -88  -92  -83  -96  -98 -100   -    -    -    -    -  N DBW 
        -86  -91 -210 -101 -199 -207 -214   -    -    -    -    -  SNR   
         83   87  207   90  180  188  195   -    -    -    -    -  RPWRG 
       0.00 0.00 0.00 0.00 0.00 0.00 0.00   -    -    -    -    -  REL   
       0.00 0.00 0.00 0.00 0.00 0.00 0.00   -    -    -    -    -  MPROB 
       0.01 0.01 0.00 0.00 0.00 0.00 0.00   -    -    -    -    -  S PRB 
       25.0 25.0 25.0 16.9  6.3  6.3  6.3   -    -    -    -    -  SIG LW
       12.7 18.5 25.0  4.3  3.2  3.2  3.2   -    -    -    -    -  SIG UP
       26.8 26.8 26.8 19.5 11.6 11.6 11.6   -    -    -    -    -  SNR LW
       14.1 19.4 25.7  7.4  6.8  6.8  6.8   -    -    -    -    -  SNR UP
        0.0  0.0  0.0  0.0  0.0  0.0  0.0   -    -    -    -    -  TGAIN 
        0.0  0.0  0.0  0.0  0.0  0.0  0.0   -    -    -    -    -  RGAIN 
       -113 -117 -237 -120 -210 -218 -225   -    -    -    -    -  SNRxx 

  12.0 13.0 10.1 14.1  7.0 21.1 24.9 28.1  0.0  0.0  0.0  0.0  0.0 FREQ
       F2F2 F2F2 F2F2 F2F2 F2F2 F2F2 F2F2   -    -    -    -    -  MODE  
        3.0  3.0  3.1  6.2  3.1  3.1  3.1   -    -    -    -    -  TANGLE
       12.6 20.0 11.0  6.2 25.6 19.4 15.1   -    -    -    -    -  RANGLE
       28.6 28.3 28.6 28.1 29.2 29.1 29.1   -    -    -    -    -  DELAY 
        395  304  394  301  484  497  511   -    -    -    -    -  V HITE
       0.50 0.93 0.23 0.99 0.00 0.00 0.00   -    -    -    -    -  MUFday
        179  185  189  208  299  307  314   -    -    -    -    -  LOSS  
        -49  -57  -59  -84 -165 -172 -178   -    -    -    -    -  DBU   
       -179 -185 -189 -208 -299 -307 -314   -    -    -    -    -  S DBW 
        -91  -88  -92  -83  -96  -98 -100   -    -    -    -    -  N DBW 
        -88  -97  -97 -125 -202 -208 -214   -    -    -    -    -  SNR   
         85   92   94  112  187  193  199   -    -    -    -    -  RPWRG 
       0.00 0.00 0.00 0.00 0.00 0.00 0.00   -    -    -    -    -  REL   
       0.00 0.00 0.00 0.00 0.00 0.00 0.00   -    -    -    -    -  MPROB 
       0.01 0.00 0.00 0.00 0.00 0.00 0.00   -    -    -    -    -  S PRB 
       25.0 23.3 25.0 13.8 11.8 11.8 11.8   -    -    -    -    -  SIG LW
       15.5  7.5 25.0  6.2 25.0  6.0  6.0   -    -    -    -    -  SIG UP
       26.8 25.3 26.8 16.9 15.3 15.3 15.3   -    -    -    -    -  SNR LW
       16.6  9.6 25.7  8.6 25.7  8.5  8.5   -    -    -    -    -  SNR UP
        0.0  0.0  0.0  0.0  0.0  0.0  0.0   -    -    -    -    -  TGAIN 
        0.0  0.0  0.0  0.0  0.0  0.0  0.0   -    -    -    -    -  RGAIN 
       -115 -122 -124 -142 -217 -223 -229   -    -    -    -    -  SNRxx 
     CCIR Coefficients         METHOD 30   VOACAP L 16.1207W  PAGE   7

  Jan    2025          SSN = 139.                Minimum Angle= 0.100 degrees
  TANGIER, Morocco    BELGRADE              AZIMUTHS          N. MI.      KM
  40.68 N  104.96 W - 28.60 N   13.88 W     66.93  307.37    4357.0   8068.6
  XMTR  2-30 +  0.0 dBi[default/isotrope     ] Az=  0.0 OFFaz= 66.9   0.001kW
  RCVR  2-30 +  0.0 dBi[default/isotrope     ] Az=  0.0 OFFaz=307.4
  3 MHz NOISE =  -73.0 dBW     REQ. REL = 90%    REQ. SNR =-30.0 dB
  MULTIPATH POWER TOLERANCE =  3.0 dB   MULTIPATH DELAY TOLERANCE =  0.100 ms

  13.0 19.8 10.1 14.1  7.0 21.1 24.9 28.1  0.0  0.0  0.0  0.0  0.0 FREQ
       F2F2 F2F2 F2F2 F2F2 F2F2 F2F2 F2F2   -    -    -    -    -  MODE  
        3.0  5.2 12.0  9.0  2.5  2.5  2.5   -    -    -    -    -  TANGLE
        5.0  5.2 12.6  9.0  2.9  0.5 16.9   -    -    -    -    -  RANGLE
       28.5 28.0 28.4 28.6 28.4 28.2 29.1   -    -    -    -    -  DELAY 
        399  273  327  373  393  346  517   -    -    -    -    -  V HITE
       0.50 1.00 1.00 1.00 0.26 0.01 0.00   -    -    -    -    -  MUFday
        176  200  180  235  186  246  291   -    -    -    -    -  LOSS  
        -43  -73  -49 -110  -53 -111 -155   -    -    -    -    -  DBU   
       -176 -200 -180 -235 -186 -246 -291   -    -    -    -    -  S DBW 
        -96  -88  -92  -83  -96  -98 -100   -    -    -    -    -  N DBW 
        -81 -112  -88 -151  -90 -148 -191   -    -    -    -    -  SNR   
         77  100   77  139   87  145  188   -    -    -    -    -  RPWRG 
       0.00 0.00 0.00 0.00 0.00 0.00 0.00   -    -    -    -    -  REL   
       0.00 0.00 0.00 0.00 0.00 0.00 0.00   -    -    -    -    -  MPROB 
       0.01 0.00 0.00 0.00 0.01 0.00 0.00   -    -    -    -    -  S PRB 
       25.0 15.3 16.9 15.2 25.0 25.0 25.0   -    -    -    -    -  SIG LW
       16.0  6.1  6.2  6.1 22.7 25.0 25.0   -    -    -    -    -  SIG UP
       26.8 18.1 19.5 18.1 26.8 26.8 26.8   -    -    -    -    -  SNR LW
       17.0  8.6  8.6  8.6 23.5 25.7 25.7   -    -    -    -    -  SNR UP
        0.0  0.0  0.0  0.0  0.0  0.0  0.0   -    -    -    -    -  TGAIN 
        0.0  0.0  0.0  0.0  0.0  0.0  0.0   -    -    -    -    -  RGAIN 
       -107 -130 -107 -169 -117 -175 -218   -    -    -    -    -  SNRxx 

  14.0 27.4 10.1 14.1  7.0 21.1 24.9 28.1  0.0  0.0  0.0  0.0  0.0 FREQ
       F2F2 F2F2 F2F2  E E F2F2 F2F2 F2F2   -    -    -    -    -  MODE  
        3.0  7.1  8.0  1.0 12.0  3.0  2.2   -    -    -    -    -  TANGLE
       16.0  7.1 12.7  1.0  3.0 20.0 16.0   -    -    -    -    -  RANGLE
       28.7 28.3 28.3 27.2 28.4 28.6 28.8   -    -    -    -    -  DELAY 
        421  324  306   99  357  370  428   -    -    -    -    -  V HITE
       0.50 1.00 1.00 1.00 0.99 0.81 0.40   -    -    -    -    -  MUFday
        171  210  185  271  168  168  174   -    -    -    -    -  LOSS  
        -35  -82  -54 -147  -35  -33  -38   -    -    -    -    -  DBU   
       -171 -210 -185 -271 -168 -168 -174   -    -    -    -    -  S DBW 
       -100  -88  -92  -83  -96  -98 -100   -    -    -    -    -  N DBW 
        -72 -122  -93 -188  -72  -70  -74   -    -    -    -    -  SNR   
         69  109   80  175   62   66   71   -    -    -    -    -  RPWRG 
       0.00 0.00 0.00 0.00 0.00 0.00 0.00   -    -    -    -    -  REL   
       0.00 0.00 0.00 0.00 0.00 0.00 0.00   -    -    -    -    -  MPROB 
       0.02 0.00 0.00 0.00 0.01 0.02 0.02   -    -    -    -    -  S PRB 
       25.0 14.1 14.1 14.1 17.6 25.0 25.0   -    -    -    -    -  SIG LW
       18.0  6.1  6.1  6.1  6.3 10.6 21.0   -    -    -    -    -  SIG UP
       26.8 17.1 17.1 17.1 20.1 26.8 26.8   -    -    -    -    -  SNR LW
       19.0  8.5  8.5  8.5  8.7 12.2 21.8   -    -    -    -    -  SNR UP
        0.0  0.0  0.0  0.0  0.0  0.0  0.0   -    -    -    -    -  TGAIN 
        0.0  0.0  0.0  0.0  0.0  0.0  0.0   -    -    -    -    -  RGAIN 
        -99 -139 -110 -205  -92  -96 -101   -    -    -    -    -  SNRxx 
     CCIR Coefficients         METHOD 30   VOACAP L 16.1207W  PAGE   8

  Jan    2025          SSN = 139.                Minimum Angle= 0.100 degrees
  TANGIER, Morocco    BELGRADE              AZIMUTHS          N. MI.      KM
  40.68 N  104.96 W - 28.60 N   13.88 W     66.93  307.37    4357.0   8068.6
  XMTR  2-30 +  0.0 dBi[default/isotrope     ] Az=  0.0 OFFaz= 66.9   0.001kW
  RCVR  2-30 +  0.0 dBi[default/isotrope     ] Az=  0.0 OFFaz=307.4
  3 MHz NOISE =  -73.0 dBW     REQ. REL = 90%    REQ. SNR =-30.0 dB
  MULTIPATH POWER TOLERANCE =  3.0 dB   MULTIPATH DELAY TOLERANCE =  0.100 ms

  15.0 33.5 10.1 14.1  7.0 21.1 24.9 28.1  0.0  0.0  0.0  0.0  0.0 FREQ
       NANA F2F2 F2F2  E E F2F2 F2F2 F2F2   -    -    -    -    -  MODE  
       99.9 11.6  2.9  0.9  4.3 14.0  3.0   -    -    -    -    -  TANGLE
        3.0 11.6 12.0  0.9  4.3 12.0  3.0   -    -    -    -    -  RANGLE
       99.9 28.7 28.3 27.2 27.8 28.5 28.1   -    -    -    -    -  DELAY 
       1000  300  328   96  251  332  298   -    -    -    -    -  V HITE
       0.50 1.00 1.00 1.00 0.99 0.99 0.94   -    -    -    -    -  MUFday
       1000  217  181  280  167  165  164   -    -    -    -    -  LOSS  
       -999  -89  -51 -156  -34  -30  -27   -    -    -    -    -  DBU   
       -999 -217 -181 -280 -167 -165 -164   -    -    -    -    -  S DBW 
       -102  -88  -92  -83  -96  -98 -100   -    -    -    -    -  N DBW 
       -999 -129  -89 -196  -71  -66  -64   -    -    -    -    -  SNR   
       -999  115   75  183   58   55   57   -    -    -    -    -  RPWRG 
       0.00 0.00 0.00 0.00 0.00 0.00 0.00   -    -    -    -    -  REL   
       0.00 0.00 0.00 0.00 0.00 0.00 0.00   -    -    -    -    -  MPROB 
       0.00 0.00 0.00 0.00 0.01 0.02 0.03   -    -    -    -    -  S PRB 
       25.0 12.9 12.9 12.9 13.8 16.2 21.1   -    -    -    -    -  SIG LW
       15.6  6.0  6.0  6.0  6.3  6.1  7.1   -    -    -    -    -  SIG UP
       26.8 16.2 16.2 16.2 16.8 18.9 23.2   -    -    -    -    -  SNR LW
       16.7  8.5  8.5  8.5  8.7  8.6  9.3   -    -    -    -    -  SNR UP
        0.0  0.0  0.0  0.0  0.0  0.0  0.0   -    -    -    -    -  TGAIN 
        0.0  0.0  0.0  0.0  0.0  0.0  0.0   -    -    -    -    -  RGAIN 
       -999 -145 -105 -213  -88  -85  -87   -    -    -    -    -  SNRxx 

  16.0 37.3 10.1 14.1  7.0 21.1 24.9 28.1  0.0  0.0  0.0  0.0  0.0 FREQ
       NANA F2F2 F2F2 F2F2 F2F2 F2F2 F2F2   -    -    -    -    -  MODE  
       99.9 14.2  7.2 23.7  4.1 10.0 14.0   -    -    -    -    -  TANGLE
        2.4 15.0  7.2 24.8  4.1 12.0  3.0   -    -    -    -    -  RANGLE
       99.9 28.6 28.3 28.9 27.8 28.3 28.4   -    -    -    -    -  DELAY 
       1000  361  326  357  245  296  336   -    -    -    -    -  V HITE
       0.50 1.00 1.00 1.00 1.00 1.00 0.99   -    -    -    -    -  MUFday
       1000  202  181  249  165  163  161   -    -    -    -    -  LOSS  
       -999  -74  -51 -125  -31  -28  -25   -    -    -    -    -  DBU   
       -999 -202 -181 -249 -165 -163 -161   -    -    -    -    -  S DBW 
       -103  -88  -92  -83  -96  -98 -100   -    -    -    -    -  N DBW 
       -999 -114  -89 -166  -68  -64  -61   -    -    -    -    -  SNR   
       -999   99   75  151   54   50   49   -    -    -    -    -  RPWRG 
       0.00 0.00 0.00 0.00 0.00 0.00 0.00   -    -    -    -    -  REL   
       0.00 0.00 0.00 0.00 0.00 0.00 0.00   -    -    -    -    -  MPROB 
       0.00 0.00 0.00 0.00 0.01 0.01 0.02   -    -    -    -    -  S PRB 
       25.0 11.8 11.8 11.8 12.1 12.5 14.7   -    -    -    -    -  SIG LW
       15.0  5.9  6.0  5.9  5.9  5.9  6.1   -    -    -    -    -  SIG UP
       26.8 15.3 15.3 15.3 15.5 15.8 17.6   -    -    -    -    -  SNR LW
       16.1  8.4  8.5  8.4  8.4  8.4  8.5   -    -    -    -    -  SNR UP
        0.0  0.0  0.0  0.0  0.0  0.0  0.0   -    -    -    -    -  TGAIN 
        0.0  0.0  0.0  0.0  0.0  0.0  0.0   -    -    -    -    -  RGAIN 
       -999 -129 -105 -181  -84  -80  -79   -    -    -    -    -  SNRxx 
     CCIR Coefficients         METHOD 30   VOACAP L 16.1207W  PAGE   9

  Jan    2025          SSN = 139.                Minimum Angle= 0.100 degrees
  TANGIER, Morocco    BELGRADE              AZIMUTHS          N. MI.      KM
  40.68 N  104.96 W - 28.60 N   13.88 W     66.93  307.37    4357.0   8068.6
  XMTR  2-30 +  0.0 dBi[default/isotrope     ] Az=  0.0 OFFaz= 66.9   0.001kW
  RCVR  2-30 +  0.0 dBi[default/isotrope     ] Az=  0.0 OFFaz=307.4
  3 MHz NOISE =  -73.0 dBW     REQ. REL = 90%    REQ. SNR =-30.0 dB
  MULTIPATH POWER TOLERANCE =  3.0 dB   MULTIPATH DELAY TOLERANCE =  0.100 ms

  17.0 34.9 10.1 14.1  7.0 21.1 24.9 28.1  0.0  0.0  0.0  0.0  0.0 FREQ
       NANA F2F2 F2F2  E E F2F2 F2F2 F2F2   -    -    -    -    -  MODE  
       99.9 16.3 10.0  0.9  5.2 10.0 12.0   -    -    -    -    -  TANGLE
        3.0 12.0  1.4  0.9  5.2 12.0  3.0   -    -    -    -    -  RANGLE
       99.9 28.4 28.3 27.2 28.0 28.3 28.2   -    -    -    -    -  DELAY 
       1000  316  337   97  274  296  309   -    -    -    -    -  V HITE
       0.50 1.00 1.00 1.00 1.00 1.00 0.99   -    -    -    -    -  MUFday
       1000  199  171  250  163  162  161   -    -    -    -    -  LOSS  
       -999  -72  -40 -126  -29  -27  -25   -    -    -    -    -  DBU   
       -999 -199 -171 -250 -163 -162 -161   -    -    -    -    -  S DBW 
       -103  -88  -92  -83  -96  -98 -100   -    -    -    -    -  N DBW 
       -999 -111  -79 -167  -66  -63  -61   -    -    -    -    -  SNR   
       -999   96   63  151   51   48   48   -    -    -    -    -  RPWRG 
       0.00 0.00 0.00 0.00 0.00 0.00 0.00   -    -    -    -    -  REL   
       0.00 0.00 0.00 0.00 0.00 0.00 0.00   -    -    -    -    -  MPROB 
       0.00 0.00 0.00 0.00 0.01 0.01 0.02   -    -    -    -    -  S PRB 
       25.0 10.8 10.8 10.8 11.2 11.0 13.4   -    -    -    -    -  SIG LW
       14.1  5.7  5.7  5.7  5.7  5.7  5.8   -    -    -    -    -  SIG UP
       26.8 14.5 14.5 14.5 14.8 14.7 16.5   -    -    -    -    -  SNR LW
       15.3  8.3  8.3  8.3  8.3  8.3  8.4   -    -    -    -    -  SNR UP
        0.0  0.0  0.0  0.0  0.0  0.0  0.0   -    -    -    -    -  TGAIN 
        0.0  0.0  0.0  0.0  0.0  0.0  0.0   -    -    -    -    -  RGAIN 
       -999 -126  -93 -181  -81  -78  -78   -    -    -    -    -  SNRxx 

  18.0 32.1 10.1 14.1  7.0 21.1 24.9 28.1  0.0  0.0  0.0  0.0  0.0 FREQ
       NANA F2F2 F2F2 F2F2 F2F2 F2F2 F2F2   -    -    -    -    -  MODE  
       99.9  5.5  4.6 13.6  5.3 10.0 12.0   -    -    -    -    -  TANGLE
        3.0  5.5  4.6 13.6  5.3  3.0  3.0   -    -    -    -    -  RANGLE
       99.9 28.0 27.9 29.0 28.0 28.1 28.3   -    -    -    -    -  DELAY 
       1000  282  260  340  277  287  321   -    -    -    -    -  V HITE
       0.50 1.00 1.00 1.00 0.98 0.99 0.89   -    -    -    -    -  MUFday
       1000  191  172  232  161  161  162   -    -    -    -    -  LOSS  
       -999  -64  -42 -108  -27  -26  -26   -    -    -    -    -  DBU   
       -999 -191 -172 -232 -161 -161 -162   -    -    -    -    -  S DBW 
       -102  -88  -92  -83  -96  -98 -100   -    -    -    -    -  N DBW 
       -999 -103  -81 -149  -65  -62  -62   -    -    -    -    -  SNR   
       -999   87   65  133   49   49   58   -    -    -    -    -  RPWRG 
       0.00 0.00 0.00 0.00 0.00 0.00 0.00   -    -    -    -    -  REL   
       0.00 0.00 0.00 0.00 0.00 0.00 0.00   -    -    -    -    -  MPROB 
       0.00 0.00 0.00 0.00 0.01 0.02 0.04   -    -    -    -    -  S PRB 
       25.0  9.8  9.8  9.8 11.2 13.9 23.9   -    -    -    -    -  SIG LW
       13.3  5.5  5.5  5.5  5.5  5.7  7.7   -    -    -    -    -  SIG UP
       26.8 13.8 13.8 13.8 14.8 17.0 25.8   -    -    -    -    -  SNR LW
       14.6  8.1  8.1  8.1  8.2  8.3  9.7   -    -    -    -    -  SNR UP
        0.0  0.0  0.0  0.0  0.0  0.0  0.0   -    -    -    -    -  TGAIN 
        0.0  0.0  0.0  0.0  0.0  0.0  0.0   -    -    -    -    -  RGAIN 
       -999 -117  -95 -163  -79  -79  -88   -    -    -    -    -  SNRxx 
     CCIR Coefficients         METHOD 30   VOACAP L 16.1207W  PAGE  10

  Jan    2025          SSN = 139.                Minimum Angle= 0.100 degrees
  TANGIER, Morocco    BELGRADE              AZIMUTHS          N. MI.      KM
  40.68 N  104.96 W - 28.60 N   13.88 W     66.93  307.37    4357.0   8068.6
  XMTR  2-30 +  0.0 dBi[default/isotrope     ] Az=  0.0 OFFaz= 66.9   0.001kW
  RCVR  2-30 +  0.0 dBi[default/isotrope     ] Az=  0.0 OFFaz=307.4
  3 MHz NOISE =  -73.0 dBW     REQ. REL = 90%    REQ. SNR =-30.0 dB
  MULTIPATH POWER TOLERANCE =  3.0 dB   MULTIPATH DELAY TOLERANCE =  0.100 ms

  19.0 27.9 10.1 14.1  7.0 21.1 24.9 28.1  0.0  0.0  0.0  0.0  0.0 FREQ
       F2F2 F2F2 F2F2 F2F2 F2F2 F2F2 F2F2   -    -    -    -    -  MODE  
       20.0 16.9  4.6 27.4 10.0 10.0 16.0   -    -    -    -    -  TANGLE
        3.0 10.0  4.6 10.0 14.0  3.0  3.0   -    -    -    -    -  RANGLE
       28.9 28.4 27.9 28.6 28.4 28.2 28.7   -    -    -    -    -  DELAY 
        452  315  259  324  320  310  417   -    -    -    -    -  V HITE
       0.50 1.00 1.00 1.00 0.99 0.85 0.45   -    -    -    -    -  MUFday
        166  182  167  209  161  162  168   -    -    -    -    -  LOSS  
        -30  -55  -37  -85  -27  -27  -32   -    -    -    -    -  DBU   
       -166 -182 -167 -209 -161 -162 -168   -    -    -    -    -  S DBW 
       -100  -88  -92  -83  -96  -98 -100   -    -    -    -    -  N DBW 
        -67  -94  -76 -126  -65  -64  -68   -    -    -    -    -  SNR   
         63   78   59  109   51   61   65   -    -    -    -    -  RPWRG 
       0.00 0.00 0.00 0.00 0.00 0.00 0.00   -    -    -    -    -  REL   
       0.00 0.00 0.00 0.00 0.00 0.00 0.00   -    -    -    -    -  MPROB 
       0.03 0.00 0.00 0.00 0.01 0.04 0.03   -    -    -    -    -  S PRB 
       25.0  8.8  8.9  8.8 12.7 25.0 25.0   -    -    -    -    -  SIG LW
       14.8  5.2  5.2  5.2  5.5  8.1 16.3   -    -    -    -    -  SIG UP
       26.8 13.1 13.2 13.1 16.0 26.8 26.8   -    -    -    -    -  SNR LW
       16.0  8.0  8.0  8.0  8.1 10.1 17.3   -    -    -    -    -  SNR UP
        0.0  0.0  0.0  0.0  0.0  0.0  0.0   -    -    -    -    -  TGAIN 
        0.0  0.0  0.0  0.0  0.0  0.0  0.0   -    -    -    -    -  RGAIN 
        -93 -108  -89 -139  -81  -91  -95   -    -    -    -    -  SNRxx 

  20.0 24.1 10.1 14.1  7.0 21.1 24.9 28.1  0.0  0.0  0.0  0.0  0.0 FREQ
       F2F2 F2F2 F2F2 F2F2 F2F2 F2F2 F2F2   -    -    -    -    -  MODE  
        3.0 15.3  5.0 25.2 10.0  3.0  1.0   -    -    -    -    -  TANGLE
        3.0 10.0  5.0 10.0  3.0  2.9  2.9   -    -    -    -    -  RANGLE
       28.3 28.4 28.0 28.5 28.2 28.3 28.3   -    -    -    -    -  DELAY 
        363  321  269  320  302  360  364   -    -    -    -    -  V HITE
       0.50 1.00 1.00 1.00 0.89 0.30 0.01   -    -    -    -    -  MUFday
        167  172  161  193  161  175  231   -    -    -    -    -  LOSS  
        -32  -45  -31  -68  -27  -40  -95   -    -    -    -    -  DBU   
       -167 -172 -161 -193 -161 -175 -231   -    -    -    -    -  S DBW 
        -98  -88  -92  -83  -96  -98 -100   -    -    -    -    -  N DBW 
        -69  -85  -70 -109  -65  -77 -131   -    -    -    -    -  SNR   
         66   68   53   93   60   73  128   -    -    -    -    -  RPWRG 
       0.00 0.00 0.00 0.00 0.00 0.00 0.00   -    -    -    -    -  REL   
       0.00 0.00 0.00 0.00 0.00 0.00 0.00   -    -    -    -    -  MPROB 
       0.03 0.00 0.01 0.00 0.03 0.01 0.00   -    -    -    -    -  S PRB 
       25.0  9.3  9.9  9.3 23.4 25.0 25.0   -    -    -    -    -  SIG LW
       13.7  5.7  5.7  5.7  7.9 19.6 25.0   -    -    -    -    -  SIG UP
       26.8 13.4 13.9 13.4 25.3 26.8 26.8   -    -    -    -    -  SNR LW
       14.9  8.3  8.3  8.3  9.9 20.5 25.7   -    -    -    -    -  SNR UP
        0.0  0.0  0.0  0.0  0.0  0.0  0.0   -    -    -    -    -  TGAIN 
        0.0  0.0  0.0  0.0  0.0  0.0  0.0   -    -    -    -    -  RGAIN 
        -96  -98  -83 -123  -90 -103 -158   -    -    -    -    -  SNRxx 
     CCIR Coefficients         METHOD 30   VOACAP L 16.1207W  PAGE  11

  Jan    2025          SSN = 139.                Minimum Angle= 0.100 degrees
  TANGIER, Morocco    BELGRADE              AZIMUTHS          N. MI.      KM
  40.68 N  104.96 W - 28.60 N   13.88 W     66.93  307.37    4357.0   8068.6
  XMTR  2-30 +  0.0 dBi[default/isotrope     ] Az=  0.0 OFFaz= 66.9   0.001kW
  RCVR  2-30 +  0.0 dBi[default/isotrope     ] Az=  0.0 OFFaz=307.4
  3 MHz NOISE =  -73.0 dBW     REQ. REL = 90%    REQ. SNR =-30.0 dB
  MULTIPATH POWER TOLERANCE =  3.0 dB   MULTIPATH DELAY TOLERANCE =  0.100 ms

  21.0 21.4 10.1 14.1  7.0 21.1 24.9 28.1  0.0  0.0  0.0  0.0  0.0 FREQ
       F2F2 F2F2 F2F2 F2F2 F2F2 F2F2 F2F2   -    -    -    -    -  MODE  
       28.0  4.9  5.8  4.9 28.0  1.0  0.5   -    -    -    -    -  TANGLE
        3.0  4.9  5.8  4.9  3.0  3.0  3.0   -    -    -    -    -  RANGLE
       29.0 27.9 28.1 27.9 28.9 28.3 28.3   -    -    -    -    -  DELAY 
        433  268  289  266  410  363  368   -    -    -    -    -  V HITE
       0.50 1.00 0.99 1.00 0.55 0.01 0.00   -    -    -    -    -  MUFday
        164  163  157  177  163  227  318   -    -    -    -    -  LOSS  
        -30  -36  -27  -53  -29  -92 -182   -    -    -    -    -  DBU   
       -164 -163 -157 -177 -163 -227 -318   -    -    -    -    -  S DBW 
        -97  -88  -92  -83  -96  -98 -100   -    -    -    -    -  N DBW 
        -68  -75  -65  -94  -66 -129 -218   -    -    -    -    -  SNR   
         64   59   50   78   63  125  215   -    -    -    -    -  RPWRG 
       0.00 0.00 0.00 0.00 0.00 0.00 0.00   -    -    -    -    -  REL   
       0.00 0.00 0.00 0.00 0.00 0.00 0.00   -    -    -    -    -  MPROB 
       0.03 0.00 0.01 0.00 0.03 0.00 0.00   -    -    -    -    -  S PRB 
       25.0  9.7 11.3  9.7 25.0 25.0 25.0   -    -    -    -    -  SIG LW
       16.5  6.1  6.2  6.1 15.6 25.0 25.0   -    -    -    -    -  SIG UP
       26.8 13.7 14.9 13.7 26.8 26.8 26.8   -    -    -    -    -  SNR LW
       17.6  8.6  8.6  8.6 16.7 25.7 25.7   -    -    -    -    -  SNR UP
        0.0  0.0  0.0  0.0  0.0  0.0  0.0   -    -    -    -    -  TGAIN 
        0.0  0.0  0.0  0.0  0.0  0.0  0.0   -    -    -    -    -  RGAIN 
        -94  -89  -80 -108  -93 -155 -245   -    -    -    -    -  SNRxx 

  22.0 19.1 10.1 14.1  7.0 21.1 24.9 28.1  0.0  0.0  0.0  0.0  0.0 FREQ
       F2F2 F2F2 F2F2 F2F2 F2F2 F2F2 F2F2   -    -    -    -    -  MODE  
        3.0  5.6 10.0  5.2 26.1 19.5 15.0   -    -    -    -    -  TANGLE
        3.0  5.6 14.0  5.2  3.3  3.3  3.3   -    -    -    -    -  RANGLE
       28.3 28.0 28.4 28.0 29.3 29.2 29.1   -    -    -    -    -  DELAY 
        364  283  315  275  497  510  522   -    -    -    -    -  V HITE
       0.50 1.00 0.99 1.00 0.17 0.00 0.00   -    -    -    -    -  MUFday
        164  156  156  164  175  226  285   -    -    -    -    -  LOSS  
        -31  -28  -26  -40  -42  -90 -148   -    -    -    -    -  DBU   
       -164 -156 -156 -164 -175 -226 -285   -    -    -    -    -  S DBW 
        -95  -88  -92  -83  -96  -98 -100   -    -    -    -    -  N DBW 
        -69  -68  -64  -81  -79 -127 -185   -    -    -    -    -  SNR   
         65   52   50   65   76  124  182   -    -    -    -    -  RPWRG 
       0.00 0.00 0.00 0.00 0.01 0.00 0.00   -    -    -    -    -  REL   
       0.00 0.00 0.00 0.00 0.00 0.00 0.00   -    -    -    -    -  MPROB 
       0.03 0.01 0.01 0.00 0.01 0.00 0.00   -    -    -    -    -  S PRB 
       25.0 10.3 12.8 10.1 25.0 25.0 25.0   -    -    -    -    -  SIG LW
       16.2  6.5  6.7  6.5 25.0 25.0 25.0   -    -    -    -    -  SIG UP
       26.8 14.2 16.1 14.0 26.8 26.8 26.8   -    -    -    -    -  SNR LW
       17.3  8.9  9.0  8.9 25.7 25.7 25.7   -    -    -    -    -  SNR UP
        0.0  0.0  0.0  0.0  0.0  0.0  0.0   -    -    -    -    -  TGAIN 
        0.0  0.0  0.0  0.0  0.0  0.0  0.0   -    -    -    -    -  RGAIN 
        -95  -82  -80  -95 -106 -154 -212   -    -    -    -    -  SNRxx 
     CCIR Coefficients         METHOD 30   VOACAP L 16.1207W  PAGE  12

  Jan    2025          SSN = 139.                Minimum Angle= 0.100 degrees
  TANGIER, Morocco    BELGRADE              AZIMUTHS          N. MI.      KM
  40.68 N  104.96 W - 28.60 N   13.88 W     66.93  307.37    4357.0   8068.6
  XMTR  2-30 +  0.0 dBi[default/isotrope     ] Az=  0.0 OFFaz= 66.9   0.001kW
  RCVR  2-30 +  0.0 dBi[default/isotrope     ] Az=  0.0 OFFaz=307.4
  3 MHz NOISE =  -73.0 dBW     REQ. REL = 90%    REQ. SNR =-30.0 dB
  MULTIPATH POWER TOLERANCE =  3.0 dB   MULTIPATH DELAY TOLERANCE =  0.100 ms

  23.0 16.6 10.1 14.1  7.0 21.1 24.9 28.1  0.0  0.0  0.0  0.0  0.0 FREQ
       F2F2 F2F2 F2F2 F2F2 F2F2 F2F2 F2F2   -    -    -    -    -  MODE  
        3.0  6.4 10.0  5.8  1.0 15.3 10.6   -    -    -    -    -  TANGLE
        3.0  6.4  3.0  5.8  3.5  3.5  3.5   -    -    -    -    -  RANGLE
       28.3 28.2 28.2 28.1 28.3 29.1 29.1   -    -    -    -    -  DELAY 
        366  305  308  289  374  521  535   -    -    -    -    -  V HITE
       0.50 1.00 0.93 1.00 0.01 0.00 0.00   -    -    -    -    -  MUFday
        162  152  155  157  229  292  313   -    -    -    -    -  LOSS  
        -31  -25  -25  -33  -95 -157 -177   -    -    -    -    -  DBU   
       -162 -152 -155 -157 -229 -292 -313   -    -    -    -    -  S DBW 
        -94  -88  -92  -83  -96  -98 -100   -    -    -    -    -  N DBW 
        -69  -65  -64  -74 -133 -193 -213   -    -    -    -    -  SNR   
         66   49   56   58  130  190  197   -    -    -    -    -  RPWRG 
       0.00 0.00 0.00 0.00 0.00 0.00 0.00   -    -    -    -    -  REL   
       0.00 0.00 0.00 0.00 0.00 0.00 0.00   -    -    -    -    -  MPROB 
       0.03 0.01 0.03 0.00 0.00 0.00 0.00   -    -    -    -    -  S PRB 
       25.0 10.9 19.7 10.0 25.0 25.0 10.0   -    -    -    -    -  SIG LW
       15.9  6.8  7.9  6.4 25.0 25.0  6.4   -    -    -    -    -  SIG UP
       26.8 14.6 22.0 13.9 26.8 26.8 13.9   -    -    -    -    -  SNR LW
       17.0  9.0  9.9  8.8 25.7 25.7  8.8   -    -    -    -    -  SNR UP
        0.0  0.0  0.0  0.0  0.0  0.0  0.0   -    -    -    -    -  TGAIN 
        0.0  0.0  0.0  0.0  0.0  0.0  0.0   -    -    -    -    -  RGAIN 
        -96  -79  -86  -88 -160 -220 -227   -    -    -    -    -  SNRxx 

  24.0 14.1 10.1 14.1  7.0 21.1 24.9 28.1  0.0  0.0  0.0  0.0  0.0 FREQ
       F2F2 F2F2 F2F2 F2F2 F2F2 F2F2 F2F2   -    -    -    -    -  MODE  
        3.0 10.0  3.0  6.3 16.2  9.6  3.7   -    -    -    -    -  TANGLE
        3.0 16.0  3.0  6.3  3.7  3.7  3.7   -    -    -    -    -  RANGLE
       28.3 28.5 28.3 28.2 29.2 29.1 28.7   -    -    -    -    -  DELAY 
        370  327  372  303  518  537  478   -    -    -    -    -  V HITE
       0.50 1.00 0.49 1.00 0.00 0.00 0.00   -    -    -    -    -  MUFday
        161  153  161  153  286  312  319   -    -    -    -    -  LOSS  
        -31  -26  -31  -29 -153 -177 -183   -    -    -    -    -  DBU   
       -161 -153 -161 -153 -286 -312 -319   -    -    -    -    -  S DBW 
        -92  -88  -92  -83  -96  -98 -100   -    -    -    -    -  N DBW 
        -69  -66  -70  -70 -190 -214 -219   -    -    -    -    -  SNR   
         66   51   67   54  187  197  203   -    -    -    -    -  RPWRG 
       0.00 0.00 0.00 0.00 0.00 0.00 0.00   -    -    -    -    -  REL   
       0.00 0.00 0.00 0.00 0.00 0.00 0.00   -    -    -    -    -  MPROB 
       0.03 0.01 0.03 0.00 0.00 0.00 0.00   -    -    -    -    -  S PRB 
       25.0 11.5 25.0  9.7 25.0  9.6  9.6   -    -    -    -    -  SIG LW
       15.6  6.4 15.8  6.3 25.0  6.3  6.3   -    -    -    -    -  SIG UP
       26.8 15.1 26.8 13.7 26.8 13.7 13.7   -    -    -    -    -  SNR LW
       16.8  8.8 16.9  8.7 25.7  8.7  8.7   -    -    -    -    -  SNR UP
        0.0  0.0  0.0  0.0  0.0  0.0  0.0   -    -    -    -    -  TGAIN 
        0.0  0.0  0.0  0.0  0.0  0.0  0.0   -    -    -    -    -  RGAIN 
        -96  -81  -97  -84 -217 -227 -233   -    -    -    -    -  SNRxx 
 *****END OF RUN*****     VOACAP 16.1207W
