  IONOSPHERIC COMMUNICATIONS ANALYSIS AND PREDICTION PROGRAM
                     VOACAP   VERSION 16.1207W


          1         2         3         4         5         6         7
 123456789012345678901234567890123456789012345678901234567890123456789012345

 LINEMAX    9999       number of lines-per-page
 COEFFS    CCIR
 TIME          1   24    1    1
 MONTH      2025 02.00
 SUNSPOT    154.6
 LABEL     WW0WWV              EA8BFK
 CIRCUIT   40.69N   104.96W    28.60N   013.88W  S     0
 SYSTEM       1. 145. 3.00  90. 3.0 3.00 0.10
 FPROB      1.00 1.00 1.00 0.00
 ANTENNA       1    1    2    5     0.000[default/isotrope     ]  0.0    0.0240
 ANTENNA       1    2    5    6     0.000[default/isotrope     ]  0.0    0.0240
 ANTENNA       1    3    6    8     0.000[default/isotrope     ]  0.0    0.0240
 ANTENNA       1    4    8   12     0.000[default/isotrope     ]  0.0    0.0240
 ANTENNA       1    5   12   15     0.000[default/isotrope     ]  0.0    0.0240
 ANTENNA       1    6   15   19     0.000[default/isotrope     ]  0.0    0.0240
 ANTENNA       1    7   19   22     0.000[default/isotrope     ]  0.0    0.0240
 ANTENNA       1    8   22   26     0.000[default/isotrope     ]  0.0    0.0240
 ANTENNA       1    9   26   30     0.000[default/isotrope     ]  0.0    0.0240
 ANTENNA       2   10    2    5     0.000[default/isotrope     ]  0.0    0.0000
 ANTENNA       2   11    5    6     0.000[default/isotrope     ]  0.0    0.0000
 ANTENNA       2   12    6    8     0.000[default/isotrope     ]  0.0    0.0000
 ANTENNA       2   13    8   12     0.000[default/isotrope     ]  0.0    0.0000
 ANTENNA       2   14   12   15     0.000[default/isotrope     ]  0.0    0.0000
 ANTENNA       2   15   15   19     0.000[default/isotrope     ]  0.0    0.0000
 ANTENNA       2   16   19   22     0.000[default/isotrope     ]  0.0    0.0000
 ANTENNA       2   17   22   26     0.000[default/isotrope     ]  0.0    0.0000
 ANTENNA       2   18   26   30     0.000[default/isotrope     ]  0.0    0.0000
 FREQUENCY  3.60 5.30 7.1010.1014.1018.1021.1024.9028.20 0.00 0.00
 METHOD       30    0
 EXECUTE
 QUIT
     CCIR Coefficients        ~METHOD 30   VOACAP L 16.1207W  PAGE   1

  Feb    2025          SSN = 154.                Minimum Angle= 3.000 degrees
  WW0WWV              EA8BFK                AZIMUTHS          N. MI.      KM
  40.69 N  104.96 W - 28.60 N   13.88 W     66.94  307.38    4356.8   8068.1
  XMTR  2- 5 +  0.0 dBi[default/isotrope     ] Az=  0.0 OFFaz= 66.9   0.024kW
  XMTR  5- 6 +  0.0 dBi[default/isotrope     ] Az=  0.0 OFFaz= 66.9   0.024kW
  XMTR  6- 8 +  0.0 dBi[default/isotrope     ] Az=  0.0 OFFaz= 66.9   0.024kW
  XMTR  8-12 +  0.0 dBi[default/isotrope     ] Az=  0.0 OFFaz= 66.9   0.024kW
  XMTR 12-15 +  0.0 dBi[default/isotrope     ] Az=  0.0 OFFaz= 66.9   0.024kW
  XMTR 15-19 +  0.0 dBi[default/isotrope     ] Az=  0.0 OFFaz= 66.9   0.024kW
  XMTR 19-22 +  0.0 dBi[default/isotrope     ] Az=  0.0 OFFaz= 66.9   0.024kW
  XMTR 22-26 +  0.0 dBi[default/isotrope     ] Az=  0.0 OFFaz= 66.9   0.024kW
  XMTR 26-30 +  0.0 dBi[default/isotrope     ] Az=  0.0 OFFaz= 66.9   0.024kW
  RCVR  2- 5 +  0.0 dBi[default/isotrope     ] Az=  0.0 OFFaz=307.4
  RCVR  5- 6 +  0.0 dBi[default/isotrope     ] Az=  0.0 OFFaz=307.4
  RCVR  6- 8 +  0.0 dBi[default/isotrope     ] Az=  0.0 OFFaz=307.4
  RCVR  8-12 +  0.0 dBi[default/isotrope     ] Az=  0.0 OFFaz=307.4
  RCVR 12-15 +  0.0 dBi[default/isotrope     ] Az=  0.0 OFFaz=307.4
  RCVR 15-19 +  0.0 dBi[default/isotrope     ] Az=  0.0 OFFaz=307.4
  RCVR 19-22 +  0.0 dBi[default/isotrope     ] Az=  0.0 OFFaz=307.4
  RCVR 22-26 +  0.0 dBi[default/isotrope     ] Az=  0.0 OFFaz=307.4
  RCVR 26-30 +  0.0 dBi[default/isotrope     ] Az=  0.0 OFFaz=307.4
  3 MHz NOISE = -145.0 dBW     REQ. REL = 90%    REQ. SNR =  3.0 dB
  MULTIPATH POWER TOLERANCE =  3.0 dB   MULTIPATH DELAY TOLERANCE =  0.100 ms

   1.0 14.2  3.6  5.3  7.1 10.1 14.1 18.1 21.1 24.9 28.2  0.0  0.0 FREQ
       F2F2 F2F2 F2F2 F2F2 F2F2 F2F2 F2F2 F2F2 F2F2 F2F2   -    -  MODE  
        3.0  6.7  6.3  6.4  7.1  3.0 21.7 15.8  9.0 12.7   -    -  TANGLE
        3.0  6.7  6.3  6.4  7.1  3.0 12.7 12.7 12.7 12.7   -    -  RANGLE
       28.2 28.2 28.2 28.2 28.3 28.2 29.4 29.4 29.3 29.1   -    -  DELAY 
        323  313  304  306  323  321  513  526  546  476   -    -  V HITE
       0.50 1.00 1.00 1.00 1.00 0.53 0.01 0.00 0.00 0.00   -    -  MUFday
        162  166  158  153  150  160  208  272  300  295   -    -  LOSS  
        -18  -34  -22  -15   -9  -16  -62 -125 -151 -145   -    -  DBU   
       -148 -153 -144 -139 -137 -147 -194 -259 -286 -281   -    -  S DBW 
       -164 -144 -149 -154 -159 -163 -167 -168 -170 -172   -    -  N DBW 
         16   -9    5   14   22   17  -28  -90 -116 -109   -    -  SNR   
         14   24   10    2   -5   13   58  120  132  126   -    -  RPWRG 
       0.73 0.03 0.60 0.87 0.96 0.75 0.06 0.00 0.00 0.00   -    -  REL   
       0.00 0.00 0.00 0.00 0.00 0.00 0.00 0.00 0.00 0.00   -    -  MPROB 
       0.34 0.08 0.26 0.42 0.58 0.35 0.05 0.00 0.00 0.00   -    -  S PRB 
       25.0  9.5  9.5  9.5 10.4 25.0 25.0 25.0  9.5  9.5   -    -  SIG LW
       14.6  6.3  6.3  6.3  6.6 14.1 25.0 25.0  6.3  6.3   -    -  SIG UP
       26.8 12.8 12.9 13.1 14.1 26.8 26.8 26.8 13.6 13.6   -    -  SNR LW
       15.7  8.1  7.9  7.9  8.5 15.2 25.7 25.7  8.6  8.6   -    -  SNR UP
        0.0  0.0  0.0  0.0  0.0  0.0  0.0  0.0  0.0  0.0   -    -  TGAIN 
        0.0  0.0  0.0  0.0  0.0  0.0  0.0  0.0  0.0  0.0   -    -  RGAIN 
        -11  -21   -7    1    8  -10  -55 -117 -129 -123   -    -  SNRxx 

   2.0 13.6  3.6  5.3  7.1 10.1 14.1 18.1 21.1 24.9 28.2  0.0  0.0 FREQ
       F2F2 F2F2 F2F2 F2F2 F2F2 F2F2 F2F2 F2F2 F2F2 F2F2   -    -  MODE  
       28.0  6.7  6.4  6.6  7.3  3.0 16.5 10.3 12.8 12.8   -    -  TANGLE
        3.0  6.7  6.4  6.6  7.3  3.0 12.8 12.8 12.8 12.8   -    -  RANGLE
       28.9 28.2 28.2 28.2 28.3 28.2 29.4 29.3 29.1 29.1   -    -  DELAY 
        407  313  306  309  330  338  524  541  478  478   -    -  V HITE
       0.50 1.00 1.00 1.00 0.99 0.38 0.00 0.00 0.00 0.00   -    -  MUFday
        161  164  156  152  150  166  219  286  293  294   -    -  LOSS  
        -17  -32  -21  -14   -9  -22  -73 -139 -144 -144   -    -  DBU   
       -147 -150 -142 -138 -136 -152 -205 -272 -279 -280   -    -  S DBW 
       -163 -144 -149 -154 -159 -164 -167 -168 -170 -172   -    -  N DBW 
         16   -6    7   16   23   12  -38 -104 -109 -108   -    -  SNR   
         14   22    9    1   -5   18   68  131  126  125   -    -  RPWRG 
       0.74 0.08 0.65 0.88 0.95 0.66 0.02 0.00 0.00 0.00   -    -  REL   
       0.00 0.00 0.00 0.00 0.00 0.00 0.00 0.00 0.00 0.00   -    -  MPROB 
       0.35 0.11 0.29 0.44 0.57 0.30 0.03 0.00 0.00 0.00   -    -  S PRB 
       25.0 10.0 10.0 10.1 11.8 25.0 25.0 22.2 10.0 10.0   -    -  SIG LW
       17.2  6.2  6.2  6.2  6.8 17.0 25.0 25.0  6.2  6.2   -    -  SIG UP
       26.8 13.2 13.4 13.6 15.2 26.8 26.8 24.3 13.9 13.9   -    -  SNR LW
       18.2  8.0  7.9  8.0  8.8 18.0 25.7 25.7  8.6  8.6   -    -  SNR UP
        0.0  0.0  0.0  0.0  0.0  0.0  0.0  0.0  0.0  0.0   -    -  TGAIN 
        0.0  0.0  0.0  0.0  0.0  0.0  0.0  0.0  0.0  0.0   -    -  RGAIN 
        -11  -19   -6    2    8  -15  -65 -128 -123 -122   -    -  SNRxx 

   3.0 14.5  3.6  5.3  7.1 10.1 14.1 18.1 21.1 24.9 28.2  0.0  0.0 FREQ
       F2F2 F2F2 F2F2 F2F2 F2F2 F2F2 F2F2 F2F2 F2F2 F2F2   -    -  MODE  
        3.0  6.9  6.5  6.6  7.2 21.9 11.9  3.0 12.9 12.9   -    -  TANGLE
        3.0  6.9  6.5  6.6  7.2  3.0 12.9 12.9 12.9 12.9   -    -  RANGLE
       28.2 28.2 28.2 28.2 28.3 29.0 29.3 29.0 29.1 29.1   -    -  DELAY 
        344  317  308  310  326  458  537  492  482  482   -    -  V HITE
       0.50 1.00 1.00 1.00 1.00 0.61 0.02 0.00 0.00 0.00   -    -  MUFday
        161  164  156  152  150  156  200  265  292  293   -    -  LOSS  
        -17  -32  -21  -14   -9  -12  -53 -118 -143 -143   -    -  DBU   
       -147 -150 -142 -138 -136 -142 -186 -251 -278 -279   -    -  S DBW 
       -164 -144 -150 -154 -159 -164 -167 -168 -170 -172   -    -  N DBW 
         17   -6    7   16   23   21  -19  -83 -108 -107   -    -  SNR   
         13   23   10    2   -5    9   49  113  126  125   -    -  RPWRG 
       0.75 0.08 0.65 0.87 0.95 0.81 0.13 0.00 0.00 0.00   -    -  REL   
       0.00 0.00 0.00 0.00 0.00 0.00 0.00 0.00 0.00 0.00   -    -  MPROB 
       0.36 0.11 0.29 0.43 0.56 0.40 0.08 0.00 0.00 0.00   -    -  S PRB 
       25.0 11.2 11.2 11.2 12.3 25.0 25.0 25.0 11.2 11.2   -    -  SIG LW
       14.2  6.3  6.3  6.3  6.5 13.5 25.0 25.0 14.5  6.3   -    -  SIG UP
       26.8 14.2 14.3 14.5 15.6 26.8 26.8 26.8 14.8 14.8   -    -  SNR LW
       15.4  8.0  7.9  8.1  8.6 14.7 25.7 25.7 15.7  8.6   -    -  SNR UP
        0.0  0.0  0.0  0.0  0.0  0.0  0.0  0.0  0.0  0.0   -    -  TGAIN 
        0.0  0.0  0.0  0.0  0.0  0.0  0.0  0.0  0.0  0.0   -    -  RGAIN 
        -10  -20   -7    1    8   -6  -46 -110 -123 -122   -    -  SNRxx 

   4.0 17.4  3.6  5.3  7.1 10.1 14.1 18.1 21.1 24.9 28.2  0.0  0.0 FREQ
       F2F2 F2F2 F2F2 F2F2 F2F2 F2F2 F2F2 F2F2 F2F2 F2F2   -    -  MODE  
        3.0  7.4  6.8  6.8  7.4  3.0  3.0  4.4  4.4  4.4   -    -  TANGLE
        3.0  7.4  6.8  6.8  7.4  3.0  4.4  4.4  4.4  4.4   -    -  RANGLE
       28.6 28.3 28.2 28.2 28.3 28.2 28.7 28.9 28.9 28.9   -    -  DELAY 
        441  331  315  316  330  348  467  509  509  509   -    -  V HITE
       0.50 1.00 1.00 1.00 1.00 0.96 0.37 0.04 0.00 0.00   -    -  MUFday
        160  164  156  152  150  152  165  196  263  313   -    -  LOSS  
        -15  -32  -20  -14   -9   -8  -19  -49 -114 -163   -    -  DBU   
       -147 -150 -142 -138 -136 -138 -151 -182 -249 -299   -    -  S DBW 
       -166 -144 -149 -154 -159 -164 -167 -168 -170 -172   -    -  N DBW 
         20   -6    7   16   23   26   15  -14  -79 -127   -    -  SNR   
         10   24   11    2   -4   -3   14   44  109  146   -    -  RPWRG 
       0.79 0.08 0.64 0.86 0.95 0.93 0.72 0.20 0.00 0.00   -    -  REL   
       0.00 0.00 0.00 0.00 0.00 0.00 0.00 0.00 0.00 0.00   -    -  MPROB 
       0.38 0.11 0.28 0.42 0.54 0.54 0.34 0.11 0.00 0.00   -    -  S PRB 
       25.0 12.3 12.3 12.3 13.2 17.5 25.0 25.0 25.0 12.3   -    -  SIG LW
       14.3  6.3  6.3  6.3  6.4  6.9 17.3 25.0 25.0 25.0   -    -  SIG UP
       26.8 15.0 15.1 15.3 16.3 20.0 26.8 26.8 26.8 15.6   -    -  SNR LW
       15.5  8.2  8.0  8.0  8.5  9.1 18.3 25.7 25.7 25.7   -    -  SNR UP
        0.0  0.0  0.0  0.0  0.0  0.0  0.0  0.0  0.0  0.0   -    -  TGAIN 
        0.0  0.0  0.0  0.0  0.0  0.0  0.0  0.0  0.0  0.0   -    -  RGAIN 
         -7  -21   -8    1    7    6  -11  -41 -106 -143   -    -  SNRxx 

   5.0 15.7  3.6  5.3  7.1 10.1 14.1 18.1 21.1 24.9 28.2  0.0  0.0 FREQ
       F2F2 F2F2 F2F2 F2F2 F2F2 F2F2 F2F2 F2F2 F2F2 F2F2   -    -  MODE  
        3.0 12.0 12.0  7.3 12.0  3.0  4.7  4.7  4.7  4.7   -    -  TANGLE
        3.0 14.0  3.0  7.3 16.0  3.0  4.7  4.7  4.7  4.7   -    -  RANGLE
       28.5 28.5 28.3 28.3 28.6 28.3 28.9 28.9 28.9 28.9   -    -  DELAY 
        437  329  317  329  348  378  519  519  519  519   -    -  V HITE
       0.50 1.00 1.00 1.00 1.00 0.82 0.09 0.00 0.00 0.00   -    -  MUFday
        160  164  155  151  151  154  183  235  310  311   -    -  LOSS  
        -15  -31  -19  -13  -10  -10  -36  -88 -162 -161   -    -  DBU   
       -146 -150 -141 -138 -137 -140 -169 -221 -297 -298   -    -  S DBW 
       -165 -144 -149 -154 -159 -163 -167 -168 -170 -172   -    -  N DBW 
         19   -6    8   16   22   23   -2  -53 -126 -126   -    -  SNR   
         11   24   10    2   -3    5   32   83  145  144   -    -  RPWRG 
       0.77 0.10 0.67 0.86 0.93 0.85 0.40 0.00 0.00 0.00   -    -  REL   
       0.00 0.00 0.00 0.00 0.00 0.00 0.00 0.00 0.00 0.00   -    -  MPROB 
       0.38 0.14 0.33 0.42 0.54 0.44 0.18 0.01 0.00 0.00   -    -  S PRB 
       25.0 12.2 12.2 12.2 12.8 23.8 25.0 25.0 12.2 12.2   -    -  SIG LW
       14.2  6.1  6.1  6.1  6.2  8.9 25.0 25.0 25.0  6.1   -    -  SIG UP
       26.8 14.9 15.0 15.2 15.9 25.7 26.8 26.8 15.5 15.5   -    -  SNR LW
       15.3  8.5  8.0  7.9  8.3 10.6 25.7 25.7 25.7  8.5   -    -  SNR UP
        0.0  0.0  0.0  0.0  0.0  0.0  0.0  0.0  0.0  0.0   -    -  TGAIN 
        0.0  0.0  0.0  0.0  0.0  0.0  0.0  0.0  0.0  0.0   -    -  RGAIN 
         -8  -21   -7    1    6   -2  -29  -80 -142 -141   -    -  SNRxx 

   6.0 13.2  3.6  5.3  7.1 10.1 14.1 18.1 21.1 24.9 28.2  0.0  0.0 FREQ
       F2F2 F2F2 F2F2 F2F2 F2F2 F2F2 F2F2 F2F2 F2F2 F2F2   -    -  MODE  
        3.0 12.0  8.4 12.0 14.0  3.0  4.8  4.8  4.8  4.8   -    -  TANGLE
        3.0 16.0  8.4 14.0  3.0  4.8  4.8  4.8  4.8  4.8   -    -  RANGLE
       28.5 28.6 28.5 28.5 28.4 28.6 28.9 28.9 28.9 28.9   -    -  DELAY 
        418  355  357  329  351  441  523  523  523  523   -    -  V HITE
       0.50 1.00 1.00 1.00 0.94 0.26 0.00 0.00 0.00 0.00   -    -  MUFday
        159  164  154  153  152  168  251  309  310  311   -    -  LOSS  
        -16  -32  -19  -15  -11  -24 -104 -162 -161 -161   -    -  DBU   
       -145 -150 -141 -139 -139 -155 -237 -296 -297 -297   -    -  S DBW 
       -163 -144 -149 -153 -159 -163 -167 -168 -170 -172   -    -  N DBW 
         17   -6    8   15   20    9  -70 -127 -126 -126   -    -  SNR   
         13   23    8    3    4   21  100  144  144  143   -    -  RPWRG 
       0.75 0.09 0.69 0.85 0.86 0.61 0.00 0.00 0.00 0.00   -    -  REL   
       0.00 0.00 0.00 0.00 0.00 0.00 0.00 0.00 0.00 0.00   -    -  MPROB 
       0.36 0.13 0.30 0.45 0.45 0.27 0.00 0.00 0.00 0.00   -    -  S PRB 
       25.0 10.5 10.7 11.3 18.5 25.0 25.0 10.5 10.5 10.5   -    -  SIG LW
       12.7  5.8  5.8  5.8  6.8 19.0 25.0 25.0  5.8  5.8   -    -  SIG UP
       26.8 13.7 13.7 14.4 20.8 26.8 26.8 14.3 14.3 14.3   -    -  SNR LW
       14.0  8.8  8.0  7.7  8.7 19.9 25.7 25.7  8.3  8.3   -    -  SNR UP
        0.0  0.0  0.0  0.0  0.0  0.0  0.0  0.0  0.0  0.0   -    -  TGAIN 
        0.0  0.0  0.0  0.0  0.0  0.0  0.0  0.0  0.0  0.0   -    -  RGAIN 
        -10  -20   -5    0   -1  -18  -97 -141 -141 -140   -    -  SNRxx 

   7.0 10.9  3.6  5.3  7.1 10.1 14.1 18.1 21.1 24.9 28.2  0.0  0.0 FREQ
       F2F2 F2F2 F2F2 F2F2 F2F2 F2F2 F2F2 F2F2 F2F2 F2F2   -    -  MODE  
        3.0 12.0 15.1 12.0 14.0 13.9 13.3 13.3 13.3 13.3   -    -  TANGLE
        3.0 26.0 15.1  5.2  3.0 13.3 13.3 13.3 13.3 13.3   -    -  RANGLE
       28.3 28.7 29.4 28.8 28.5 29.4 29.2 29.2 29.2 29.2   -    -  DELAY 
        356  356  370  444  356  548  492  492  492  492   -    -  V HITE
       0.50 1.00 1.00 0.99 0.68 0.00 0.00 0.00 0.00 0.00   -    -  MUFday
        160  169  157  151  154  215  288  289  290  291   -    -  LOSS  
        -18  -37  -22  -13  -13  -71 -142 -142 -141 -141   -    -  DBU   
       -146 -155 -144 -137 -140 -201 -275 -275 -276 -277   -    -  S DBW 
       -160 -144 -149 -153 -159 -163 -167 -168 -170 -172   -    -  N DBW 
         14  -11    5   16   18  -38 -108 -107 -106 -105   -    -  SNR   
         16   24    8   -1   11   68  122  121  120  120   -    -  RPWRG 
       0.70 0.02 0.61 0.92 0.77 0.02 0.00 0.00 0.00 0.00   -    -  REL   
       0.00 0.00 0.00 0.00 0.00 0.00 0.00 0.00 0.00 0.00   -    -  MPROB 
       0.32 0.08 0.26 0.52 0.37 0.03 0.00 0.00 0.00 0.00   -    -  S PRB 
       25.0  5.6  6.4  7.8 25.0 25.0  5.6  5.6  5.6  5.6   -    -  SIG LW
       11.1  4.7  4.7  4.8  9.6 25.0 12.4  4.7  4.7  4.7   -    -  SIG UP
       26.7 10.6 10.8 11.8 26.7 26.8 11.2 11.2 11.2 11.2   -    -  SNR LW
       12.4  8.5  7.5  7.1 11.0 25.7 13.7  7.5  7.5  7.5   -    -  SNR UP
        0.0  0.0  0.0  0.0  0.0  0.0  0.0  0.0  0.0  0.0   -    -  TGAIN 
        0.0  0.0  0.0  0.0  0.0  0.0  0.0  0.0  0.0  0.0   -    -  RGAIN 
        -13  -21   -5    4   -8  -65 -119 -118 -117 -117   -    -  SNRxx 

   8.0 13.8  3.6  5.3  7.1 10.1 14.1 18.1 21.1 24.9 28.2  0.0  0.0 FREQ
       F2F2 F2 E F2F2 F2F2 F2F2 F2F2 F2F2 F2F2 F2F2 F2F2   -    -  MODE  
        3.0 22.0 12.0 12.0  7.5  3.0 12.2 12.2 12.2 12.2   -    -  TANGLE
        3.0  3.0 24.0 14.0  7.5  3.0 12.2 12.2 12.2 12.2   -    -  RANGLE
       28.3 27.9 28.6 28.5 28.4 28.4 29.0 29.0 29.0 29.0   -    -  DELAY 
        374  205  328  331  334  381  461  461  461  461   -    -  V HITE
       0.50 1.00 1.00 1.00 0.97 0.43 0.00 0.00 0.00 0.00   -    -  MUFday
        162  201  168  159  153  164  225  292  299  300   -    -  LOSS  
        -18  -69  -32  -21  -12  -20  -79 -145 -150 -150   -    -  DBU   
       -148 -187 -154 -145 -139 -150 -211 -278 -285 -286   -    -  S DBW 
       -163 -147 -151 -154 -159 -163 -167 -168 -170 -172   -    -  N DBW 
         15  -41   -3   10   20   13  -45 -110 -115 -114   -    -  SNR   
         15   58   20    8    2   17   74  135  132  131   -    -  RPWRG 
       0.71 0.00 0.17 0.72 0.88 0.68 0.01 0.00 0.00 0.00   -    -  REL   
       0.00 0.00 0.00 0.00 0.00 0.00 0.00 0.00 0.00 0.00   -    -  MPROB 
       0.33 0.00 0.18 0.36 0.47 0.31 0.02 0.00 0.00 0.00   -    -  S PRB 
       25.0 10.3 10.4 10.8 15.7 25.0 25.0 19.3 10.3 10.3   -    -  SIG LW
       12.6  5.9  5.9  6.0  6.8 13.9 25.0 25.0  5.9  5.9   -    -  SIG UP
       26.8 14.0 14.0 14.3 18.3 26.8 26.8 21.6 14.1 14.1   -    -  SNR LW
       13.8  8.2  8.1  8.0  8.7 15.1 25.7 25.7  8.4  8.4   -    -  SNR UP
        0.0  0.0  0.0  0.0  0.0  0.0  0.0  0.0  0.0  0.0   -    -  TGAIN 
        0.0  0.0  0.0  0.0  0.0  0.0  0.0  0.0  0.0  0.0   -    -  RGAIN 
        -12  -55  -17   -5    1  -14  -71 -132 -129 -128   -    -  SNRxx 

   9.0 11.5  3.6  5.3  7.1 10.1 14.1 18.1 21.1 24.9 28.2  0.0  0.0 FREQ
       F2F2 F2F2 F2F2 F2F2 F2F2 F2F2 F2F2 F2F2 F2F2 F2F2   -    -  MODE  
        3.0  8.1  7.1  7.2  8.6 13.3 13.3 13.3 13.3 13.3   -    -  TANGLE
        5.2  8.1  7.1  7.2  8.6 24.7 15.2  9.2 13.3 13.3   -    -  RANGLE
       28.5 28.5 28.3 28.3 28.6 29.5 29.4 29.3 29.2 29.2   -    -  DELAY 
        407  350  322  325  364  506  527  546  491  491   -    -  V HITE
       0.50 1.00 1.00 1.00 0.80 0.02 0.00 0.00 0.00 0.00   -    -  MUFday
        165  183  168  160  158  194  289  299  291  291   -    -  LOSS  
        -23  -51  -33  -22  -17  -50 -143 -152 -142 -141   -    -  DBU   
       -152 -169 -155 -146 -144 -180 -275 -285 -277 -278   -    -  S DBW 
       -161 -147 -152 -155 -159 -163 -166 -168 -170 -172   -    -  N DBW 
          9  -22   -3    9   15  -17 -109 -117 -107 -106   -    -  SNR   
         21   37   18    7   12   47  123  132  121  121   -    -  RPWRG 
       0.61 0.00 0.17 0.71 0.74 0.16 0.00 0.00 0.00 0.00   -    -  REL   
       0.00 0.00 0.00 0.00 0.00 0.00 0.00 0.00 0.00 0.00   -    -  MPROB 
       0.27 0.02 0.16 0.33 0.35 0.09 0.00 0.00 0.00 0.00   -    -  S PRB 
       25.0  6.8  7.0  8.6 22.6 25.0  6.8  6.8  6.8  6.8   -    -  SIG LW
       11.8  5.5  5.5  5.6  7.4 25.0 25.0  5.5  5.5  5.5   -    -  SIG UP
       26.7 11.8 11.9 12.9 24.5 26.8 11.8 11.8 11.8 11.8   -    -  SNR LW
       13.0  8.1  8.0  8.0  9.2 25.6 25.7  8.1  8.1  8.1   -    -  SNR UP
        0.0  0.0  0.0  0.0  0.0  0.0  0.0  0.0  0.0  0.0   -    -  TGAIN 
        0.0  0.0  0.0  0.0  0.0  0.0  0.0  0.0  0.0  0.0   -    -  RGAIN 
        -18  -34  -15   -4   -9  -44 -120 -129 -118 -118   -    -  SNRxx 

  10.0  9.9  3.6  5.3  7.1 10.1 14.1 18.1 21.1 24.9 28.2  0.0  0.0 FREQ
       F2F2 F2F2 F2F2 F2F2 F2F2 F2F2 F2F2 F2F2 F2F2 F2F2   -    -  MODE  
        3.0  9.9  7.2  7.4  3.0 13.1 13.1 13.1 13.1 13.1   -    -  TANGLE
       13.2  9.9  7.2  7.4 12.6  5.1 25.8 20.0 14.1  9.4   -    -  RANGLE
       28.5 28.8 28.3 28.3 28.5 28.8 29.4 29.3 29.3 29.3   -    -  DELAY 
        364  397  326  332  368  426  491  501  517  533   -    -  V HITE
       0.50 1.00 1.00 0.97 0.41 0.00 0.00 0.00 0.00 0.00   -    -  MUFday
        170  204  181  168  173  283  276  283  293  301   -    -  LOSS  
        -29  -72  -46  -30  -32 -139 -130 -135 -144 -151   -    -  DBU   
       -156 -190 -167 -154 -159 -269 -262 -269 -279 -288   -    -  S DBW 
       -159 -147 -152 -155 -159 -163 -166 -168 -170 -172   -    -  N DBW 
          3  -43  -16    1    0 -106  -95 -101 -109 -116   -    -  SNR   
         27   57   29   15   30  136  109  114  122  129   -    -  RPWRG 
       0.50 0.00 0.00 0.35 0.40 0.00 0.00 0.00 0.00 0.00   -    -  REL   
       0.00 0.00 0.00 0.00 0.00 0.00 0.00 0.00 0.00 0.00   -    -  MPROB 
       0.22 0.00 0.05 0.22 0.20 0.00 0.00 0.00 0.00 0.00   -    -  S PRB 
       25.0  4.0  4.7  8.7 25.0 25.0  4.0  4.0  4.0  4.0   -    -  SIG LW
       11.9  3.9  3.9  4.8 13.9 25.0  3.9  3.9  3.9  3.9   -    -  SIG UP
       26.7 10.5 10.8 13.0 26.7 26.7 10.4 10.4 10.5 10.5   -    -  SNR LW
       13.1  7.1  7.1  7.6 15.0 25.6  7.0  7.1  7.1  7.1   -    -  SNR UP
        0.0  0.0  0.0  0.0  0.0  0.0  0.0  0.0  0.0  0.0   -    -  TGAIN 
        0.0  0.0  0.0  0.0  0.0  0.0  0.0  0.0  0.0  0.0   -    -  RGAIN 
        -24  -54  -26  -12  -27 -133 -106 -111 -119 -126   -    -  SNRxx 

  11.0 10.3  3.6  5.3  7.1 10.1 14.1 18.1 21.1 24.9 28.2  0.0  0.0 FREQ
       F2F2 F2F2 F2F2 F2F2 F2F2 F2F2 F2F2 F2F2 F2F2 F2F2   -    -  MODE  
        3.0 15.6  7.3  7.0  3.0 12.4 12.4 12.4 12.4 12.4   -    -  TANGLE
       16.1 15.6  7.3  7.0 16.5  9.1  3.0 27.1 20.8 16.4   -    -  RANGLE
       28.4 29.5 28.3 28.3 28.4 28.7 28.4 29.4 29.3 29.3   -    -  DELAY 
        339  382  330  320  336  395  358  480  492  504   -    -  V HITE
       0.50 1.00 1.00 0.98 0.54 0.00 0.00 0.00 0.00 0.00   -    -  MUFday
        181  248  209  187  178  267  336  280  288  294   -    -  LOSS  
        -40 -116  -73  -49  -37 -123 -190 -133 -139 -144   -    -  DBU   
       -167 -234 -195 -174 -165 -253 -322 -266 -274 -281   -    -  S DBW 
       -159 -147 -152 -155 -159 -163 -166 -168 -170 -172   -    -  N DBW 
         -8  -87  -43  -18   -5  -90 -156  -98 -103 -109   -    -  SNR   
         38  100   57   34   35  120  170  112  117  122   -    -  RPWRG 
       0.17 0.00 0.00 0.00 0.22 0.00 0.00 0.00 0.00 0.00   -    -  REL   
       0.00 0.00 0.00 0.00 0.00 0.00 0.00 0.00 0.00 0.00   -    -  MPROB 
       0.14 0.00 0.00 0.04 0.16 0.00 0.00 0.00 0.00 0.00   -    -  S PRB 
       25.0  4.6  5.0  8.3 25.0 25.0  4.5  4.5  4.5  4.5   -    -  SIG LW
       13.5  4.5  4.5  5.2 12.6 25.0  4.5  4.5  4.5  4.5   -    -  SIG UP
       26.8 10.7 10.9 12.8 26.8 26.7 10.6 10.7 10.7 10.7   -    -  SNR LW
       14.7  7.5  7.5  7.9 13.9 25.6  7.3  7.4  7.4  7.4   -    -  SNR UP
        0.0  0.0  0.0  0.0  0.0  0.0  0.0  0.0  0.0  0.0   -    -  TGAIN 
        0.0  0.0  0.0  0.0  0.0  0.0  0.0  0.0  0.0  0.0   -    -  RGAIN 
        -35  -97  -54  -31  -32 -117 -167 -109 -114 -119   -    -  SNRxx 

  12.0 13.9  3.6  5.3  7.1 10.1 14.1 18.1 21.1 24.9 28.2  0.0  0.0 FREQ
       F2F1 F2F2 F2F2 F2F2 F2F2 F2F1 F2F1 F2F2 F2F2 F2F2   -    -  MODE  
        3.0 21.7 13.0  6.5  6.2  3.0 11.5 11.5 11.5 11.5   -    -  TANGLE
       12.2 21.7 13.0  6.5  6.2 11.9  6.4  3.0 24.1 19.6   -    -  RANGLE
       28.2 30.7 28.9 28.2 28.1 28.3 28.5 28.4 29.3 29.3   -    -  DELAY 
        312  395  327  307  299  314  365  349  488  499   -    -  V HITE
       0.50 1.00 1.00 1.00 0.97 0.45 0.00 0.00 0.00 0.00   -    -  MUFday
        186  323  260  220  190  187  253  336  291  297   -    -  LOSS  
        -42 -190 -124  -82  -49  -43 -107 -188 -142 -147   -    -  DBU   
       -172 -309 -246 -206 -176 -173 -239 -322 -277 -283   -    -  S DBW 
       -162 -147 -152 -155 -159 -162 -166 -168 -170 -172   -    -  N DBW 
        -10 -162  -94  -51  -17  -11  -73 -154 -107 -111   -    -  SNR   
         39  180  113   70   40   40  103  184  126  130   -    -  RPWRG 
       0.09 0.00 0.00 0.00 0.00 0.08 0.00 0.00 0.00 0.00   -    -  REL   
       0.00 0.00 0.00 0.00 0.00 0.00 0.00 0.00 0.00 0.00   -    -  MPROB 
       0.12 0.00 0.00 0.00 0.06 0.12 0.00 0.00 0.00 0.00   -    -  S PRB 
       25.0 12.5 12.5 12.8 17.3 25.0 25.0 25.0 12.4 12.4   -    -  SIG LW
       10.8  6.1  6.1  6.1  7.2 11.4 25.0 25.0  6.1  6.1   -    -  SIG UP
       26.7 15.8 15.8 16.0 19.7 26.7 26.8 26.8 15.7 15.7   -    -  SNR LW
       12.0  8.6  8.6  8.5  9.1 12.6 25.6 25.7  8.5  8.5   -    -  SNR UP
        0.0  0.0  0.0  0.0  0.0  0.0  0.0  0.0  0.0  0.0   -    -  TGAIN 
        0.0  0.0  0.0  0.0  0.0  0.0  0.0  0.0  0.0  0.0   -    -  RGAIN 
        -36 -177 -110  -67  -37  -37 -100 -181 -123 -127   -    -  SNRxx 

  13.0 20.1  3.6  5.3  7.1 10.1 14.1 18.1 21.1 24.9 28.2  0.0  0.0 FREQ
       F2F1  E E F2F2 F2F2 F2F2 F2F2 F2F1 F2F1 F2F2 F2F2   -    -  MODE  
        3.0  4.9 19.2 12.0  5.3  5.1  3.0  3.0 10.7 10.7   -    -  TANGLE
        5.8  4.9 19.2 12.0  5.3  5.1  8.2  4.5 25.0 20.4   -    -  RANGLE
       28.1 27.4 30.0 28.7 28.0 28.0 28.1 28.2 29.4 29.3   -    -  DELAY 
        307   94  349  307  277  272  293  318  494  507   -    -  V HITE
       0.50 1.00 1.00 1.00 1.00 1.00 0.83 0.31 0.01 0.00   -    -  MUFday
        182  686  319  264  212  185  175  189  217  269   -    -  LOSS  
        -35 -554 -184 -126  -71  -41  -29  -42  -68 -119   -    -  DBU   
       -168 -672 -306 -250 -199 -171 -161 -176 -203 -255   -    -  S DBW 
       -168 -147 -152 -155 -159 -162 -166 -168 -170 -172   -    -  N DBW 
          0 -525 -154  -95  -40   -9    4   -7  -32  -84   -    -  SNR   
         30  546  175  116   61   31   23   37   62  113   -    -  RPWRG 
       0.37 0.00 0.00 0.00 0.00 0.03 0.53 0.19 0.04 0.00   -    -  REL   
       0.00 0.00 0.00 0.00 0.00 0.00 0.00 0.00 0.00 0.00   -    -  MPROB 
       0.19 0.00 0.00 0.00 0.01 0.09 0.23 0.14 0.03 0.00   -    -  S PRB 
       25.0 15.2 15.2 15.2 15.2 16.0 22.6 25.0 25.0 25.0   -    -  SIG LW
       11.2  6.1  6.1  6.1  6.1  6.3  7.7 13.7 25.0 25.0   -    -  SIG UP
       26.8 18.1 18.1 18.0 17.9 18.4 24.5 26.8 26.8 26.8   -    -  SNR LW
       12.5  8.6  8.6  8.5  8.3  8.1  9.5 14.9 25.7 25.7   -    -  SNR UP
        0.0  0.0  0.0  0.0  0.0  0.0  0.0  0.0  0.0  0.0   -    -  TGAIN 
        0.0  0.0  0.0  0.0  0.0  0.0  0.0  0.0  0.0  0.0   -    -  RGAIN 
        -27 -543 -172 -113  -58  -28  -20  -34  -59 -110   -    -  SNRxx 

  14.0 26.5  3.6  5.3  7.1 10.1 14.1 18.1 21.1 24.9 28.2  0.0  0.0 FREQ
       F2F2  E E  E E F2F2 F2F2 F2F2 F2F2 F2F2 F2F2 F2F2   -    -  MODE  
        3.0  3.0  3.0 17.6 10.3  4.4  4.4  4.8  3.0  8.6   -    -  TANGLE
       22.0  3.0  3.0 17.6 10.3  4.4  4.4  4.8 24.8 20.0   -    -  RANGLE
       28.7 27.3 27.3 29.6 28.4 27.9 27.9 27.9 29.0 29.8   -    -  DELAY 
        384   87   95  322  273  253  253  265  451  635   -    -  V HITE
       0.50 1.00 1.00 1.00 1.00 1.00 1.00 0.98 0.72 0.26   -    -  MUFday
        176  777  383  297  236  195  179  173  169  182   -    -  LOSS  
        -26 -645 -248 -159  -95  -51  -33  -25  -20  -32   -    -  DBU   
       -162 -764 -370 -283 -222 -181 -165 -159 -155 -168   -    -  S DBW 
       -171 -147 -152 -155 -159 -161 -165 -168 -170 -172   -    -  N DBW 
          9 -616 -218 -128  -63  -20    0    9   15    3   -    -  SNR   
         21  637  238  148   83   40   20   13   15   26   -    -  RPWRG 
       0.62 0.00 0.00 0.00 0.00 0.00 0.33 0.66 0.72 0.51   -    -  REL   
       0.00 0.00 0.00 0.00 0.00 0.00 0.00 0.00 0.00 0.00   -    -  MPROB 
       0.27 0.00 0.00 0.00 0.00 0.03 0.17 0.30 0.33 0.22   -    -  S PRB 
       25.0 14.1 14.1 14.1 14.1 14.1 14.7 16.2 25.0 25.0   -    -  SIG LW
       18.3  6.1  6.1  6.1  6.1  6.1  6.1  6.3 12.1 23.5   -    -  SIG UP
       26.8 17.1 17.1 17.1 16.9 16.7 17.3 18.8 26.8 26.8   -    -  SNR LW
       19.3  8.5  8.5  8.5  8.2  7.8  8.0  8.5 13.4 24.2   -    -  SNR UP
        0.0  0.0  0.0  0.0  0.0  0.0  0.0  0.0  0.0  0.0   -    -  TGAIN 
        0.0  0.0  0.0  0.0  0.0  0.0  0.0  0.0  0.0  0.0   -    -  RGAIN 
        -18 -634 -235 -145  -80  -37  -17  -10  -12  -23   -    -  SNRxx 

  15.0 31.0  3.6  5.3  7.1 10.1 14.1 18.1 21.1 24.9 28.2  0.0  0.0 FREQ
       NANA  E E  E E  E E F2F2 F2F2 F2F2 F2F2 F2F2 F2F2   -    -  MODE  
       99.9  3.0  3.0  3.1 13.1  5.9  4.0  8.0  4.5  5.5   -    -  TANGLE
       16.3  3.0  3.0  3.1 27.3  5.9  4.0  4.0  4.5  5.5   -    -  RANGLE
       99.9 27.3 27.3 27.3 28.8 28.1 27.8 28.2 27.9 28.0   -    -  DELAY 
       1000   87   91   96  358  292  243  312  257  283   -    -  V HITE
       0.50 1.00 1.00 1.00 1.00 1.00 1.00 1.00 0.97 0.81   -    -  MUFday
       1000  790  551  312  229  196  180  172  168  167   -    -  LOSS  
       -999 -658 -416 -174  -88  -52  -34  -24  -19  -17   -    -  DBU   
       -999 -776 -537 -298 -215 -183 -166 -158 -154 -153   -    -  S DBW 
       -173 -147 -152 -155 -159 -161 -165 -168 -170 -172   -    -  N DBW 
       -999 -629 -385 -143  -56  -22   -2   10   16   19   -    -  SNR   
       -999  648  405  162   75   40   20   10    5    7   -    -  RPWRG 
       0.00 0.00 0.00 0.00 0.00 0.00 0.22 0.70 0.82 0.81   -    -  REL   
       0.00 0.00 0.00 0.00 0.00 0.00 0.00 0.00 0.00 0.00   -    -  MPROB 
       0.00 0.00 0.00 0.00 0.00 0.03 0.16 0.34 0.41 0.40   -    -  S PRB 
       25.0 12.9 12.9 12.9 12.9 12.9 13.0 13.5 15.0 20.8   -    -  SIG LW
       16.2  6.0  6.0  6.0  6.0  6.0  6.0  6.0  6.2  6.5   -    -  SIG UP
       26.8 16.2 16.2 16.1 16.0 15.6 15.8 16.5 17.9 23.0   -    -  SNR LW
       17.2  8.5  8.4  8.4  8.1  7.6  7.7  8.2  8.6  8.8   -    -  SNR UP
        0.0  0.0  0.0  0.0  0.0  0.0  0.0  0.0  0.0  0.0   -    -  TGAIN 
        0.0  0.0  0.0  0.0  0.0  0.0  0.0  0.0  0.0  0.0   -    -  RGAIN 
       -999 -645 -402 -159  -72  -37  -17   -7   -2   -4   -    -  SNRxx 

  16.0 33.5  3.6  5.3  7.1 10.1 14.1 18.1 21.1 24.9 28.2  0.0  0.0 FREQ
       NANA  E E  E E  E E F2F2 F2F2 F2F2 F2F2 F2F2 F2F2   -    -  MODE  
       99.9  3.0  3.0  5.0 18.0 10.0  4.1  3.8  4.0  4.6   -    -  TANGLE
        3.0  3.0  3.0  5.0 20.0 12.0  4.1  3.8  4.0  4.6   -    -  RANGLE
       99.9 27.3 27.3 27.4 28.4 28.2 27.8 27.8 27.8 27.9   -    -  DELAY 
       1000   87   91   95  288  272  245  239  245  260   -    -  V HITE
       0.50 1.00 1.00 1.00 1.00 1.00 1.00 1.00 0.99 0.94   -    -  MUFday
       1000  737  518  324  236  197  177  171  166  165   -    -  LOSS  
       -999 -605 -382 -186  -95  -53  -31  -24  -18  -15   -    -  DBU   
       -999 -723 -504 -310 -222 -183 -164 -157 -153 -151   -    -  S DBW 
       -174 -147 -152 -155 -158 -161 -165 -168 -170 -172   -    -  N DBW 
       -999 -576 -352 -155  -64  -22    2   11   18   21   -    -  SNR   
       -999  595  370  173   82   39   16    8    1   -1   -    -  RPWRG 
       0.00 0.00 0.00 0.00 0.00 0.00 0.41 0.74 0.88 0.91   -    -  REL   
       0.00 0.00 0.00 0.00 0.00 0.00 0.00 0.00 0.00 0.00   -    -  MPROB 
       0.00 0.00 0.00 0.00 0.00 0.03 0.20 0.33 0.46 0.51   -    -  S PRB 
       25.0 11.8 11.8 11.8 11.8 11.8 11.8 11.9 12.4 14.2   -    -  SIG LW
       15.5  5.9  5.9  5.9  5.9  5.9  5.9  5.9  6.6  6.9   -    -  SIG UP
       26.8 15.2 15.2 15.2 15.0 14.7 15.0 15.2 15.7 17.1   -    -  SNR LW
       16.6  8.4  8.4  8.3  7.9  7.6  7.8  8.2  8.9  9.1   -    -  SNR UP
        0.0  0.0  0.0  0.0  0.0  0.0  0.0  0.0  0.0  0.0   -    -  TGAIN 
        0.0  0.0  0.0  0.0  0.0  0.0  0.0  0.0  0.0  0.0   -    -  RGAIN 
       -999 -592 -367 -170  -79  -36  -13   -5    2    4   -    -  SNRxx 

  17.0 34.3  3.6  5.3  7.1 10.1 14.1 18.1 21.1 24.9 28.2  0.0  0.0 FREQ
       NANA  E E  E E  EF2 F1F2 F1F2 F2F2 F2F2 F2F2 F2F2   -    -  MODE  
       99.9  3.0  3.0  3.0 20.0 10.7 10.0  4.6  4.4  4.8   -    -  TANGLE
        3.0  3.0  3.0 24.0 13.3 10.0 10.0  4.6  4.4  4.8   -    -  RANGLE
       99.9 27.3 27.3 27.9 28.5 28.2 28.1 27.9 27.9 27.9   -    -  DELAY 
       1000   87   91  214  324  284  258  259  253  264   -    -  V HITE
       0.50 1.00 1.00 1.00 1.00 1.00 1.00 1.00 1.00 0.99   -    -  MUFday
       1000  670  476  314  218  190  178  169  164  162   -    -  LOSS  
       -999 -538 -341 -176  -77  -46  -32  -21  -15  -12   -    -  DBU   
       -999 -656 -462 -300 -204 -176 -164 -155 -150 -148   -    -  S DBW 
       -174 -147 -152 -155 -158 -162 -166 -168 -170 -172   -    -  N DBW 
       -999 -509 -311 -146  -46  -15    1   13   20   23   -    -  SNR   
       -999  527  328  163   63   37   16    4   -2   -5   -    -  RPWRG 
       0.00 0.00 0.00 0.00 0.00 0.00 0.39 0.82 0.93 0.96   -    -  REL   
       0.00 0.00 0.00 0.00 0.00 0.00 0.00 0.00 0.00 0.00   -    -  MPROB 
       0.00 0.00 0.00 0.00 0.00 0.07 0.22 0.38 0.51 0.58   -    -  S PRB 
       25.0 10.8 10.8 10.8 10.9 16.8 10.8 10.8 11.3 11.9   -    -  SIG LW
       14.1  5.7  5.7  5.7  5.7  6.4  5.7  5.7  5.8  5.8   -    -  SIG UP
       26.8 14.5 14.4 14.4 14.2 19.1 14.3 14.4 14.8 15.4   -    -  SNR LW
       15.3  8.2  8.1  8.0  7.7  8.1  7.8  8.1  8.3  8.3   -    -  SNR UP
        0.0  0.0  0.0  0.0  0.0  0.0  0.0  0.0  0.0  0.0   -    -  TGAIN 
        0.0  0.0  0.0  0.0  0.0  0.0  0.0  0.0  0.0  0.0   -    -  RGAIN 
       -999 -524 -325 -160  -60  -34  -13   -1    5    8   -    -  SNRxx 

  18.0 33.8  3.6  5.3  7.1 10.1 14.1 18.1 21.1 24.9 28.2  0.0  0.0 FREQ
       NANA  E E  E E F2F2 F2F2 F2F2 F2F2 F2F2 F2F2 F2F2   -    -  MODE  
       99.9  3.0  3.0 17.2  8.3  4.3  4.1  3.0  4.6  5.3   -    -  TANGLE
        3.0  3.0  3.0 17.2  8.3  4.3  4.1 20.0  4.6  5.3   -    -  RANGLE
       99.9 27.3 27.3 29.5 28.5 27.8 27.8 28.4 27.9 28.0   -    -  DELAY 
       1000   88   95  315  354  251  245  322  259  276   -    -  V HITE
       0.50 1.00 1.00 1.00 1.00 1.00 1.00 1.00 0.99 0.95   -    -  MUFday
       1000  605  333  270  209  183  171  166  163  162   -    -  LOSS  
       -999 -472 -198 -132  -68  -39  -25  -18  -14  -12   -    -  DBU   
       -999 -591 -319 -257 -195 -169 -157 -152 -149 -148   -    -  S DBW 
       -174 -147 -151 -154 -158 -162 -166 -168 -170 -172   -    -  N DBW 
       -999 -444 -168 -102  -38   -7    9   16   22   24   -    -  SNR   
       -999  461  185  119   54   24    8    1   -4   -5   -    -  RPWRG 
       0.00 0.00 0.00 0.00 0.00 0.04 0.70 0.89 0.95 0.96   -    -  REL   
       0.00 0.00 0.00 0.00 0.00 0.00 0.00 0.00 0.00 0.00   -    -  MPROB 
       0.00 0.00 0.00 0.00 0.00 0.10 0.31 0.49 0.55 0.59   -    -  S PRB 
       25.0  9.8  9.8  9.8  9.8  9.8  9.8 10.0 10.6 12.2   -    -  SIG LW
       13.0  5.5  5.5  5.5  5.5  5.5  5.5  5.5  5.9  6.3   -    -  SIG UP
       26.8 13.7 13.6 13.5 13.4 13.4 13.6 13.8 14.3 15.6   -    -  SNR LW
       14.3  7.9  7.9  7.8  7.6  7.4  7.7  7.9  8.3  8.6   -    -  SNR UP
        0.0  0.0  0.0  0.0  0.0  0.0  0.0  0.0  0.0  0.0   -    -  TGAIN 
        0.0  0.0  0.0  0.0  0.0  0.0  0.0  0.0  0.0  0.0   -    -  RGAIN 
       -999 -458 -182 -116  -51  -21   -5    2    7    8   -    -  SNRxx 

  19.0 32.1  3.6  5.3  7.1 10.1 14.1 18.1 21.1 24.9 28.2  0.0  0.0 FREQ
       NANA  E E F2F2 F2F2 F2F2 F2F2 F2F2 F2F2 F2F2 F2F2   -    -  MODE  
       99.9  4.9 17.8 11.2 26.0  3.8  3.9  4.1  4.7  5.6   -    -  TANGLE
        3.0  4.9 17.8 11.2  8.0  3.8  3.9  4.1  4.7  5.6   -    -  RANGLE
       99.9 27.4 29.6 28.6 28.5 27.8 27.8 27.8 27.9 28.0   -    -  DELAY 
       1000   95  324  292  325  239  241  247  262  285   -    -  V HITE
       0.50 1.00 1.00 1.00 1.00 1.00 1.00 1.00 0.99 0.88   -    -  MUFday
       1000  495  298  246  197  176  167  163  160  161   -    -  LOSS  
       -999 -363 -163 -108  -56  -33  -20  -15  -11  -11   -    -  DBU   
       -999 -481 -284 -232 -183 -163 -153 -149 -147 -147   -    -  S DBW 
       -173 -146 -150 -153 -158 -162 -166 -168 -170 -172   -    -  N DBW 
       -999 -336 -134  -79  -25    0   13   20   24   25   -    -  SNR   
       -999  365  150   94   41   16    3   -3   -7   -5   -    -  RPWRG 
       0.00 0.00 0.00 0.00 0.00 0.28 0.85 0.94 0.97 0.95   -    -  REL   
       0.00 0.00 0.00 0.00 0.00 0.00 0.00 0.00 0.00 0.00   -    -  MPROB 
       0.00 0.00 0.00 0.00 0.01 0.18 0.41 0.53 0.61 0.59   -    -  S PRB 
       25.0 25.0  8.8  8.8  8.8  8.8  8.9  9.2 10.4 13.6   -    -  SIG LW
       13.1 25.0  5.2  5.2  5.2  5.2  5.2  5.3  5.4  5.5   -    -  SIG UP
       26.8 26.7 12.7 12.6 12.6 12.8 13.0 13.3 14.2 16.7   -    -  SNR LW
       14.4 25.8  8.1  7.8  7.4  7.3  7.7  7.8  8.0  8.1   -    -  SNR UP
        0.0  0.0  0.0  0.0  0.0  0.0  0.0  0.0  0.0  0.0   -    -  TGAIN 
        0.0  0.0  0.0  0.0  0.0  0.0  0.0  0.0  0.0  0.0   -    -  RGAIN 
       -999 -362 -147  -91  -38  -13    0    6   10    8   -    -  SNRxx 

  20.0 28.7  3.6  5.3  7.1 10.1 14.1 18.1 21.1 24.9 28.2  0.0  0.0 FREQ
       F2F2 F2F2 F2F2 F2F2 F1F2 F1F2 F2F2 F2F2 F2F2 F2F2   -    -  MODE  
       19.1 19.6 11.9  4.8 17.9 10.3  4.2  4.7  5.7 19.8   -    -  TANGLE
        3.0 19.6 11.9  4.8  8.0  8.0  4.2  4.7  5.7  3.0   -    -  RANGLE
       29.0 30.1 28.7 27.9 28.3 28.3 27.8 27.9 28.1 29.0   -    -  DELAY 
        471  356  305  264  302  306  249  261  286  466   -    -  V HITE
       0.50 1.00 1.00 1.00 1.00 1.00 1.00 1.00 0.91 0.57   -    -  MUFday
        168  323  258  214  184  168  161  159  159  164   -    -  LOSS  
        -18 -190 -122  -76  -43  -24  -15  -12  -11  -14   -    -  DBU   
       -154 -309 -244 -201 -170 -154 -148 -145 -146 -150   -    -  S DBW 
       -172 -145 -150 -153 -158 -163 -166 -168 -170 -172   -    -  N DBW 
         18 -164  -94  -47  -12    9   19   23   25   22   -    -  SNR   
         12  180  110   63   28    8   -2   -6   -5    8   -    -  RPWRG 
       0.77 0.00 0.00 0.00 0.22 0.71 0.93 0.97 0.95 0.81   -    -  REL   
       0.00 0.00 0.00 0.00 0.00 0.00 0.00 0.00 0.00 0.00   -    -  MPROB 
       0.37 0.00 0.00 0.00 0.07 0.35 0.50 0.59 0.59 0.41   -    -  S PRB 
       25.0  9.3  9.3  9.3  9.3  9.3  9.4 10.1 13.3 25.0   -    -  SIG LW
       14.2  5.7  5.7  5.7 25.0  5.7  5.7  6.0  5.9 12.9   -    -  SIG UP
       26.8 13.0 12.9 12.9 12.9 13.2 13.5 14.0 16.4 26.8   -    -  SNR LW
       15.4  8.5  8.2  8.0 25.5  7.8  8.1  8.4  8.3 14.2   -    -  SNR UP
        0.0  0.0  0.0  0.0  0.0  0.0  0.0  0.0  0.0  0.0   -    -  TGAIN 
        0.0  0.0  0.0  0.0  0.0  0.0  0.0  0.0  0.0  0.0   -    -  RGAIN 
         -9 -177 -107  -60  -25   -5    5    9    8   -5   -    -  SNRxx 

  21.0 25.0  3.6  5.3  7.1 10.1 14.1 18.1 21.1 24.9 28.2  0.0  0.0 FREQ
       F2F2 F2F2 F2F2 F2F2 F2F2 F2F2 F2F2 F2F2 F2F2 F2F2   -    -  MODE  
        3.0 13.9  5.7 24.6  4.3  4.5  5.1  5.9  3.0 18.0   -    -  TANGLE
        3.0 13.9  5.7 10.0  4.3  4.5  5.1  5.9  3.0  6.4   -    -  RANGLE
       28.1 29.1 28.1 28.5 27.8 27.9 28.0 28.1 28.1 29.3   -    -  DELAY 
        303  347  286  322  251  256  272  293  302  534   -    -  V HITE
       0.50 1.00 1.00 1.00 1.00 1.00 1.00 0.94 0.52 0.04   -    -  MUFday
        167  266  216  190  171  161  157  157  167  200   -    -  LOSS  
        -19 -134  -80  -52  -30  -17  -11  -10  -18  -50   -    -  DBU   
       -154 -252 -202 -176 -157 -147 -143 -144 -153 -186   -    -  S DBW 
       -170 -145 -149 -153 -158 -163 -166 -168 -170 -172   -    -  N DBW 
         17 -107  -53  -23    1   16   23   25   18  -14   -    -  SNR   
         13  123   69   39   16    1   -6   -6   12   44   -    -  RPWRG 
       0.74 0.00 0.00 0.00 0.35 0.89 0.97 0.96 0.76 0.19   -    -  REL   
       0.00 0.00 0.00 0.00 0.00 0.00 0.00 0.00 0.00 0.00   -    -  MPROB 
       0.35 0.00 0.00 0.02 0.18 0.45 0.59 0.60 0.36 0.10   -    -  S PRB 
       25.0  9.7  9.7  9.7  9.7  9.7 10.6 12.7 25.0 25.0   -    -  SIG LW
       13.7  6.1  6.1  6.1  6.1  6.1  6.4  7.3 13.3 25.0   -    -  SIG UP
       26.8 13.2 13.1 13.1 13.3 13.6 14.3 16.0 26.8 26.8   -    -  SNR LW
       14.9  8.6  8.4  8.1  7.9  8.2  8.6  9.4 14.6 25.7   -    -  SNR UP
        0.0  0.0  0.0  0.0  0.0  0.0  0.0  0.0  0.0  0.0   -    -  TGAIN 
        0.0  0.0  0.0  0.0  0.0  0.0  0.0  0.0  0.0  0.0   -    -  RGAIN 
        -10 -120  -66  -36  -13    2    9    9   -9  -41   -    -  SNRxx 

  22.0 22.0  3.6  5.3  7.1 10.1 14.1 18.1 21.1 24.9 28.2  0.0  0.0 FREQ
       F2F2 F2F2 F2F2 F2F2 F2F2 F2F2 F2F2 F2F2 F2F2 F2F2   -    -  MODE  
       24.0  8.1  5.4  5.0  5.0  3.5  6.4 10.0  3.0  3.0   -    -  TANGLE
        3.0  8.1  5.4  5.0  5.0 10.0  6.4  3.0  3.0 11.6   -    -  RANGLE
       28.6 28.5 28.0 27.9 27.9 28.4 28.2 28.2 28.2 28.5   -    -  DELAY 
        353  349  279  269  268  344  306  301  347  368   -    -  V HITE
       0.50 1.00 1.00 1.00 1.00 1.00 0.96 0.66 0.11 0.01   -    -  MUFday
        166  219  188  173  161  155  155  159  189  231   -    -  LOSS  
        -18  -87  -52  -35  -20  -11   -9  -12  -40  -81   -    -  DBU   
       -152 -206 -174 -159 -147 -141 -141 -145 -175 -217   -    -  S DBW 
       -169 -144 -149 -153 -158 -163 -166 -168 -170 -172   -    -  N DBW 
         17  -61  -25   -6   11   22   25   23   -5  -45   -    -  SNR   
         13   78   41   22    6   -5   -6    7   34   75   -    -  RPWRG 
       0.74 0.00 0.00 0.08 0.77 0.96 0.96 0.83 0.35 0.01   -    -  REL   
       0.00 0.00 0.00 0.00 0.00 0.00 0.00 0.00 0.00 0.00   -    -  MPROB 
       0.35 0.00 0.01 0.10 0.35 0.59 0.61 0.42 0.15 0.01   -    -  S PRB 
       25.0 10.1 10.1 10.1 10.1 10.3 12.8 25.0 25.0 25.0   -    -  SIG LW
       18.8  6.5  6.5  6.5  6.5  6.5  7.4 13.4 25.0 25.0   -    -  SIG UP
       26.8 13.4 13.3 13.4 13.6 14.0 16.0 26.8 26.8 26.8   -    -  SNR LW
       19.7  8.7  8.5  8.3  8.2  8.6  9.4 14.7 25.7 25.7   -    -  SNR UP
        0.0  0.0  0.0  0.0  0.0  0.0  0.0  0.0  0.0  0.0   -    -  TGAIN 
        0.0  0.0  0.0  0.0  0.0  0.0  0.0  0.0  0.0  0.0   -    -  RGAIN 
        -10  -75  -38  -19   -3    8    9   -4  -31  -72   -    -  SNRxx 

  23.0 19.3  3.6  5.3  7.1 10.1 14.1 18.1 21.1 24.9 28.2  0.0  0.0 FREQ
       F2F2 F2F2 F2F2 F2F2 F2F2 F2F2 F2F2 F2F2 F2F2 F2F2   -    -  MODE  
       28.0  6.6  5.7  5.5  5.7  6.5 10.0 26.1 19.5 14.8   -    -  TANGLE
        3.0  6.6  5.7  5.5  5.7  6.5  3.0  3.0 12.2 12.2   -    -  RANGLE
       28.7 28.2 28.1 28.0 28.1 28.2 28.2 29.1 29.4 29.4   -    -  DELAY 
        372  311  287  283  287  306  302  469  516  529   -    -  V HITE
       0.50 1.00 1.00 1.00 1.00 1.00 0.74 0.20 0.00 0.00   -    -  MUFday
        164  190  170  161  155  152  156  173  215  270   -    -  LOSS  
        -18  -57  -35  -23  -13   -8  -10  -26  -66 -119   -    -  DBU   
       -151 -176 -157 -148 -141 -139 -142 -160 -202 -256   -    -  S DBW 
       -167 -144 -149 -153 -158 -163 -166 -168 -170 -172   -    -  N DBW 
         17  -32   -8    5   18   25   25    9  -31  -84   -    -  SNR   
         13   48   24   11   -1   -7    5   21   61  114   -    -  RPWRG 
       0.75 0.00 0.04 0.58 0.91 0.97 0.85 0.61 0.04 0.00   -    -  REL   
       0.00 0.00 0.00 0.00 0.00 0.00 0.00 0.00 0.00 0.00   -    -  MPROB 
       0.35 0.00 0.08 0.24 0.47 0.61 0.44 0.27 0.04 0.00   -    -  S PRB 
       25.0 10.0 10.0 10.0 10.0 11.0 25.0 25.0 25.0 25.0   -    -  SIG LW
       18.4  6.4  6.4  6.4  6.4  6.8 11.4 25.0 25.0 25.0   -    -  SIG UP
       26.8 13.1 13.1 13.3 13.6 14.6 26.8 26.8 26.8 26.8   -    -  SNR LW
       19.3  8.5  8.3  8.1  8.2  8.9 12.8 25.7 25.7 25.7   -    -  SNR UP
        0.0  0.0  0.0  0.0  0.0  0.0  0.0  0.0  0.0  0.0   -    -  TGAIN 
        0.0  0.0  0.0  0.0  0.0  0.0  0.0  0.0  0.0  0.0   -    -  RGAIN 
        -10  -45  -21   -8    4   10   -2  -18  -58 -111   -    -  SNRxx 

  24.0 16.5  3.6  5.3  7.1 10.1 14.1 18.1 21.1 24.9 28.2  0.0  0.0 FREQ
       F2F2 F2F2 F2F2 F2F2 F2F2 F2F2 F2F2 F2F2 F2F2 F2F2   -    -  MODE  
        3.0  6.7  6.1  6.1  6.4  7.8 27.6 21.3 15.0 10.0   -    -  TANGLE
        3.0  6.7  6.1  6.1  6.4  7.8  3.0 12.6 12.6 12.6   -    -  RANGLE
       28.1 28.2 28.1 28.1 28.2 28.4 29.2 29.4 29.4 29.3   -    -  DELAY 
        316  313  297  296  306  342  469  513  529  545   -    -  V HITE
       0.50 1.00 1.00 1.00 1.00 0.93 0.19 0.01 0.00 0.00   -    -  MUFday
        163  175  162  156  152  153  173  210  281  301   -    -  LOSS  
        -18  -42  -27  -18  -10   -9  -26  -62 -132 -151   -    -  DBU   
       -149 -161 -148 -142 -138 -139 -159 -196 -267 -287   -    -  S DBW 
       -165 -144 -149 -153 -159 -163 -167 -168 -170 -172   -    -  N DBW 
         16  -17    1   11   21   24    8  -28  -97 -115   -    -  SNR   
         14   33   15    5   -4   -5   22   58  127  132   -    -  RPWRG 
       0.74 0.00 0.35 0.78 0.95 0.95 0.59 0.06 0.00 0.00   -    -  REL   
       0.00 0.00 0.00 0.00 0.00 0.00 0.00 0.00 0.00 0.00   -    -  MPROB 
       0.34 0.03 0.18 0.35 0.54 0.58 0.26 0.05 0.00 0.00   -    -  S PRB 
       25.0  9.8  9.8  9.8 10.0 13.8 25.0 25.0 25.0  9.8   -    -  SIG LW
       14.9  6.4  6.4  6.4  6.4  8.3 25.0 25.0 25.0  6.4   -    -  SIG UP
       26.8 13.0 13.1 13.3 13.7 16.8 26.8 26.8 26.8 13.8   -    -  SNR LW
       16.0  8.3  8.1  8.0  8.3 10.1 25.7 25.7 25.7  8.7   -    -  SNR UP
        0.0  0.0  0.0  0.0  0.0  0.0  0.0  0.0  0.0  0.0   -    -  TGAIN 
        0.0  0.0  0.0  0.0  0.0  0.0  0.0  0.0  0.0  0.0   -    -  RGAIN 
        -11  -30  -12   -2    7    8  -19  -55 -124 -129   -    -  SNRxx 
 *****END OF RUN*****     VOACAP 16.1207W
