  IONOSPHERIC COMMUNICATIONS ANALYSIS AND PREDICTION PROGRAM
                     VOACAP   VERSION 16.1207W


          1         2         3         4         5         6         7
 123456789012345678901234567890123456789012345678901234567890123456789012345

 LINEMAX    9999       number of lines-per-page
 COEFFS    CCIR
 TIME          1   24    1    1
 MONTH      2025 01.00
 SUNSPOT    137.0
 LABEL     WW0WWV              EA8BFK
 CIRCUIT   40.69N   104.96W    28.60N   013.88W  S     0
 SYSTEM       1. 145. 3.00  90. 3.0 3.00 0.10
 FPROB      1.00 1.00 1.00 0.00
 ANTENNA       1    1    2    5     0.000[default/isotrope     ]  0.0    0.0240
 ANTENNA       1    2    5    6     0.000[default/isotrope     ]  0.0    0.0240
 ANTENNA       1    3    6    8     0.000[default/isotrope     ]  0.0    0.0240
 ANTENNA       1    4    8   12     0.000[default/isotrope     ]  0.0    0.0240
 ANTENNA       1    5   12   15     0.000[default/isotrope     ]  0.0    0.0240
 ANTENNA       1    6   15   19     0.000[default/isotrope     ]  0.0    0.0240
 ANTENNA       1    7   19   22     0.000[default/isotrope     ]  0.0    0.0240
 ANTENNA       1    8   22   26     0.000[default/isotrope     ]  0.0    0.0240
 ANTENNA       1    9   26   30     0.000[default/isotrope     ]  0.0    0.0240
 ANTENNA       2   10    2    5     0.000[default/isotrope     ]  0.0    0.0000
 ANTENNA       2   11    5    6     0.000[default/isotrope     ]  0.0    0.0000
 ANTENNA       2   12    6    8     0.000[default/isotrope     ]  0.0    0.0000
 ANTENNA       2   13    8   12     0.000[default/isotrope     ]  0.0    0.0000
 ANTENNA       2   14   12   15     0.000[default/isotrope     ]  0.0    0.0000
 ANTENNA       2   15   15   19     0.000[default/isotrope     ]  0.0    0.0000
 ANTENNA       2   16   19   22     0.000[default/isotrope     ]  0.0    0.0000
 ANTENNA       2   17   22   26     0.000[default/isotrope     ]  0.0    0.0000
 ANTENNA       2   18   26   30     0.000[default/isotrope     ]  0.0    0.0000
 FREQUENCY  3.60 5.30 7.1010.1014.1018.1021.1024.9028.20 0.00 0.00
 METHOD       30    0
 EXECUTE
 QUIT
     CCIR Coefficients        ~METHOD 30   VOACAP L 16.1207W  PAGE   1

  Jan    2025          SSN = 137.                Minimum Angle= 3.000 degrees
  WW0WWV              EA8BFK                AZIMUTHS          N. MI.      KM
  40.69 N  104.96 W - 28.60 N   13.88 W     66.94  307.38    4356.8   8068.1
  XMTR  2- 5 +  0.0 dBi[default/isotrope     ] Az=  0.0 OFFaz= 66.9   0.024kW
  XMTR  5- 6 +  0.0 dBi[default/isotrope     ] Az=  0.0 OFFaz= 66.9   0.024kW
  XMTR  6- 8 +  0.0 dBi[default/isotrope     ] Az=  0.0 OFFaz= 66.9   0.024kW
  XMTR  8-12 +  0.0 dBi[default/isotrope     ] Az=  0.0 OFFaz= 66.9   0.024kW
  XMTR 12-15 +  0.0 dBi[default/isotrope     ] Az=  0.0 OFFaz= 66.9   0.024kW
  XMTR 15-19 +  0.0 dBi[default/isotrope     ] Az=  0.0 OFFaz= 66.9   0.024kW
  XMTR 19-22 +  0.0 dBi[default/isotrope     ] Az=  0.0 OFFaz= 66.9   0.024kW
  XMTR 22-26 +  0.0 dBi[default/isotrope     ] Az=  0.0 OFFaz= 66.9   0.024kW
  XMTR 26-30 +  0.0 dBi[default/isotrope     ] Az=  0.0 OFFaz= 66.9   0.024kW
  RCVR  2- 5 +  0.0 dBi[default/isotrope     ] Az=  0.0 OFFaz=307.4
  RCVR  5- 6 +  0.0 dBi[default/isotrope     ] Az=  0.0 OFFaz=307.4
  RCVR  6- 8 +  0.0 dBi[default/isotrope     ] Az=  0.0 OFFaz=307.4
  RCVR  8-12 +  0.0 dBi[default/isotrope     ] Az=  0.0 OFFaz=307.4
  RCVR 12-15 +  0.0 dBi[default/isotrope     ] Az=  0.0 OFFaz=307.4
  RCVR 15-19 +  0.0 dBi[default/isotrope     ] Az=  0.0 OFFaz=307.4
  RCVR 19-22 +  0.0 dBi[default/isotrope     ] Az=  0.0 OFFaz=307.4
  RCVR 22-26 +  0.0 dBi[default/isotrope     ] Az=  0.0 OFFaz=307.4
  RCVR 26-30 +  0.0 dBi[default/isotrope     ] Az=  0.0 OFFaz=307.4
  3 MHz NOISE = -145.0 dBW     REQ. REL = 90%    REQ. SNR =  3.0 dB
  MULTIPATH POWER TOLERANCE =  3.0 dB   MULTIPATH DELAY TOLERANCE =  0.100 ms

   1.0 10.5  3.6  5.3  7.1 10.1 14.1 18.1 21.1 24.9 28.2  0.0  0.0 FREQ
       F2F2 F2F2 F2F2 F2F2 F2F2 F2F2 F2F2 F2F2 F2F2 F2F2   -    -  MODE  
        3.0  6.8  6.4  6.8 10.0 24.8 15.0  8.7 12.2 12.2   -    -  TANGLE
        3.0  6.8  6.4  6.8  3.0 12.2 12.2 12.2 12.2 12.2   -    -  RANGLE
       28.1 28.2 28.2 28.2 28.2 29.4 29.3 29.2 29.0 29.0   -    -  DELAY 
        318  316  306  315  314  490  508  525  460  460   -    -  V HITE
       0.50 1.00 1.00 1.00 0.65 0.00 0.00 0.00 0.00 0.00   -    -  MUFday
        160  162  155  150  154  222  289  299  295  296   -    -  LOSS  
        -19  -30  -19  -12  -13  -78 -143 -152 -146 -146   -    -  DBU   
       -146 -149 -141 -137 -141 -209 -275 -286 -281 -282   -    -  S DBW 
       -160 -144 -149 -154 -159 -163 -167 -168 -170 -172   -    -  N DBW 
         13   -5    8   17   18  -45 -109 -117 -111 -110   -    -  SNR   
         17   17    5   -3   11   75  123  131  125  124   -    -  RPWRG 
       0.69 0.09 0.76 0.95 0.77 0.01 0.00 0.00 0.00 0.00   -    -  REL   
       0.00 0.00 0.00 0.00 0.00 0.00 0.00 0.00 0.00 0.00   -    -  MPROB 
       0.31 0.12 0.34 0.53 0.37 0.01 0.00 0.00 0.00 0.00   -    -  S PRB 
       25.0  4.9  5.0  5.7 24.7 25.0  4.9  4.9  4.9  4.9   -    -  SIG LW
       13.3  4.8  4.8  4.9 11.4 25.0  4.8  4.8  4.8  4.8   -    -  SIG UP
       26.7  9.9 10.0 10.7 26.4 26.8 10.9 10.9 10.9 10.9   -    -  SNR LW
       14.4  7.0  6.8  6.9 12.6 25.7  7.6  7.6  7.6  7.6   -    -  SNR UP
        0.0  0.0  0.0  0.0  0.0  0.0  0.0  0.0  0.0  0.0   -    -  TGAIN 
        0.0  0.0  0.0  0.0  0.0  0.0  0.0  0.0  0.0  0.0   -    -  RGAIN 
        -14  -14   -2    6   -8  -72 -120 -128 -122 -121   -    -  SNRxx 

   2.0 10.0  3.6  5.3  7.1 10.1 14.1 18.1 21.1 24.9 28.2  0.0  0.0 FREQ
       F2F2 F2F2 F2F2 F2F2 F2F2 F2F2 F2F2 F2F2 F2F2 F2F2   -    -  MODE  
        3.0  6.8  6.4  6.8  3.0 17.0  6.1 12.0 12.0 12.0   -    -  TANGLE
        3.0  6.8  6.4  6.8  3.0 12.0 12.0 12.0 12.0 12.0   -    -  RANGLE
       28.2 28.2 28.2 28.2 28.2 29.3 29.1 29.0 29.0 29.0   -    -  DELAY 
        324  316  306  316  325  501  527  455  455  455   -    -  V HITE
       0.50 1.00 1.00 1.00 0.48 0.00 0.00 0.00 0.00 0.00   -    -  MUFday
        159  161  153  149  159  236  300  294  295  296   -    -  LOSS  
        -18  -29  -18  -11  -18  -92 -154 -146 -146 -146   -    -  DBU   
       -145 -147 -139 -136 -146 -222 -287 -280 -281 -282   -    -  S DBW 
       -159 -144 -149 -154 -159 -164 -167 -168 -170 -172   -    -  N DBW 
         14   -3   10   18   13  -59 -120 -112 -111 -110   -    -  SNR   
         16   16    3   -5   16   89  134  125  124  124   -    -  RPWRG 
       0.70 0.11 0.82 0.97 0.69 0.00 0.00 0.00 0.00 0.00   -    -  REL   
       0.00 0.00 0.00 0.00 0.00 0.00 0.00 0.00 0.00 0.00   -    -  MPROB 
       0.32 0.14 0.38 0.57 0.32 0.01 0.00 0.00 0.00 0.00   -    -  S PRB 
       25.0  4.4  4.4  5.8 25.0 25.0  4.4  4.4  4.4  4.4   -    -  SIG LW
       12.3  3.7  3.7  4.1 12.7 25.0  3.7  3.7  3.7  3.7   -    -  SIG UP
       26.8  9.7  9.9 10.8 26.8 26.8 10.6 10.6 10.6 10.6   -    -  SNR LW
       13.5  6.3  6.1  6.5 13.9 25.7  7.0  7.0  7.0  7.0   -    -  SNR UP
        0.0  0.0  0.0  0.0  0.0  0.0  0.0  0.0  0.0  0.0   -    -  TGAIN 
        0.0  0.0  0.0  0.0  0.0  0.0  0.0  0.0  0.0  0.0   -    -  RGAIN 
        -13  -13    0    8  -13  -86 -131 -122 -121 -121   -    -  SNRxx 

   3.0 10.6  3.6  5.3  7.1 10.1 14.1 18.1 21.1 24.9 28.2  0.0  0.0 FREQ
       F2F2 F2F2 F2F2 F2F2 F2F2 F2F2 F2F2 F2F2 F2F2 F2F2   -    -  MODE  
        3.0  6.6  6.2  6.5 12.0  3.0 11.8 11.8 11.8 11.8   -    -  TANGLE
        3.0  6.6  6.2  6.5  3.0 11.8 11.8 11.8 11.8 11.8   -    -  RANGLE
       28.2 28.2 28.1 28.2 28.3 28.6 29.0 29.0 29.0 29.0   -    -  DELAY 
        333  311  300  308  333  410  451  451  451  451   -    -  V HITE
       0.50 1.00 1.00 1.00 0.68 0.00 0.00 0.00 0.00 0.00   -    -  MUFday
        160  163  155  151  154  226  295  296  297  298   -    -  LOSS  
        -18  -31  -19  -13  -12  -82 -149 -149 -148 -148   -    -  DBU   
       -146 -149 -141 -137 -140 -213 -282 -282 -283 -284   -    -  S DBW 
       -160 -144 -150 -154 -159 -164 -167 -168 -170 -172   -    -  N DBW 
         14   -5    9   17   20  -49 -115 -114 -113 -112   -    -  SNR   
         16   19    6   -2   10   79  130  129  128  127   -    -  RPWRG 
       0.70 0.08 0.74 0.94 0.79 0.00 0.00 0.00 0.00 0.00   -    -  REL   
       0.00 0.00 0.00 0.00 0.00 0.00 0.00 0.00 0.00 0.00   -    -  MPROB 
       0.32 0.13 0.33 0.51 0.38 0.01 0.00 0.00 0.00 0.00   -    -  S PRB 
       25.0  6.9  6.9  7.8 25.0 25.0  6.9  6.9  6.9  6.9   -    -  SIG LW
       13.4  4.9  4.9  5.0 10.9 25.0 19.3  4.9  4.9  4.9   -    -  SIG UP
       26.8 11.1 11.3 12.1 26.8 26.8 11.9 11.9 11.9 11.9   -    -  SNR LW
       14.6  7.0  6.9  7.2 12.3 25.7 20.2  7.7  7.7  7.7   -    -  SNR UP
        0.0  0.0  0.0  0.0  0.0  0.0  0.0  0.0  0.0  0.0   -    -  TGAIN 
        0.0  0.0  0.0  0.0  0.0  0.0  0.0  0.0  0.0  0.0   -    -  RGAIN 
        -13  -16   -3    5   -7  -76 -127 -126 -125 -124   -    -  SNRxx 

   4.0 11.3  3.6  5.3  7.1 10.1 14.1 18.1 21.1 24.9 28.2  0.0  0.0 FREQ
       F2F2 F2F2 F2F2 F2F2 F2F2 F2F2 F2F2 F2F2 F2F2 F2F2   -    -  MODE  
        3.0  6.7  6.2  6.4  8.0  3.0 11.9 11.9 11.9 11.9   -    -  TANGLE
        3.0  6.7  6.2  6.4  8.0 11.9 11.9 11.9 11.9 11.9   -    -  RANGLE
       28.2 28.2 28.1 28.2 28.4 28.8 29.0 29.0 29.0 29.0   -    -  DELAY 
        347  312  300  305  346  459  453  453  453  453   -    -  V HITE
       0.50 1.00 1.00 1.00 0.84 0.02 0.00 0.00 0.00 0.00   -    -  MUFday
        160  163  156  151  152  202  296  296  298  298   -    -  LOSS  
        -18  -31  -20  -13  -11  -58 -149 -149 -149 -148   -    -  DBU   
       -147 -150 -142 -138 -138 -188 -282 -283 -284 -285   -    -  S DBW 
       -161 -144 -149 -154 -159 -164 -167 -168 -170 -172   -    -  N DBW 
         14   -5    8   16   21  -25 -115 -114 -113 -113   -    -  SNR   
         16   21    8    0    4   54  132  131  130  129   -    -  RPWRG 
       0.70 0.08 0.68 0.90 0.85 0.08 0.00 0.00 0.00 0.00   -    -  REL   
       0.00 0.00 0.00 0.00 0.00 0.00 0.00 0.00 0.00 0.00   -    -  MPROB 
       0.33 0.12 0.30 0.46 0.44 0.06 0.00 0.00 0.00 0.00   -    -  S PRB 
       25.0  9.2  9.2  9.8 20.2 25.0  9.2  9.2  9.2  9.2   -    -  SIG LW
       13.9  5.6  5.6  5.7  6.7 25.0 25.0  5.6  5.6  5.6   -    -  SIG UP
       26.8 12.7 12.8 13.4 22.4 26.8 13.4 13.4 13.4 13.4   -    -  SNR LW
       15.0  7.8  7.5  7.6  8.8 25.7 25.7  8.2  8.2  8.2   -    -  SNR UP
        0.0  0.0  0.0  0.0  0.0  0.0  0.0  0.0  0.0  0.0   -    -  TGAIN 
        0.0  0.0  0.0  0.0  0.0  0.0  0.0  0.0  0.0  0.0   -    -  RGAIN 
        -13  -18   -5    3   -1  -51 -129 -128 -127 -126   -    -  SNRxx 

   5.0 10.7  3.6  5.3  7.1 10.1 14.1 18.1 21.1 24.9 28.2  0.0  0.0 FREQ
       F2F2 F2F2 F2F2 F2F2 F2F2 F2F2 F2F2 F2F2 F2F2 F2F2   -    -  MODE  
        3.0  7.4  6.6  6.9 16.0 12.3 12.3 12.3 12.3 12.3   -    -  TANGLE
        3.0  7.4  6.6  6.9  3.0 12.3 12.3 12.3 12.3 12.3   -    -  RANGLE
       28.2 28.3 28.2 28.2 28.6 29.0 29.0 29.0 29.0 29.0   -    -  DELAY 
        349  331  311  317  374  464  464  464  464  464   -    -  V HITE
       0.50 1.00 1.00 1.00 0.71 0.00 0.00 0.00 0.00 0.00   -    -  MUFday
        160  162  154  150  152  216  293  293  294  295   -    -  LOSS  
        -18  -30  -19  -12  -11  -72 -146 -146 -146 -145   -    -  DBU   
       -146 -148 -141 -137 -139 -202 -279 -280 -281 -282   -    -  S DBW 
       -160 -144 -149 -154 -159 -163 -167 -168 -170 -172   -    -  N DBW 
         14   -4    9   17   20  -38 -112 -111 -110 -110   -    -  SNR   
         16   19    6   -1    9   68  128  127  126  125   -    -  RPWRG 
       0.70 0.12 0.73 0.92 0.80 0.02 0.00 0.00 0.00 0.00   -    -  REL   
       0.00 0.00 0.00 0.00 0.00 0.00 0.00 0.00 0.00 0.00   -    -  MPROB 
       0.33 0.13 0.32 0.49 0.39 0.03 0.00 0.00 0.00 0.00   -    -  S PRB 
       25.0  7.9  7.9  8.8 25.0 25.0  7.9  7.9  7.9  7.9   -    -  SIG LW
       13.0  4.9  4.9  5.0 10.3 25.0 24.7  4.9  4.9  4.9   -    -  SIG UP
       26.8 11.7 11.8 12.6 26.7 26.8 12.5 12.5 12.5 12.5   -    -  SNR LW
       14.2  7.7  7.1  7.1 11.7 25.7 25.4  7.7  7.7  7.7   -    -  SNR UP
        0.0  0.0  0.0  0.0  0.0  0.0  0.0  0.0  0.0  0.0   -    -  TGAIN 
        0.0  0.0  0.0  0.0  0.0  0.0  0.0  0.0  0.0  0.0   -    -  RGAIN 
        -13  -16   -3    4   -6  -65 -125 -124 -123 -122   -    -  SNRxx 

   6.0  9.1  3.6  5.3  7.1 10.1 14.1 18.1 21.1 24.9 28.2  0.0  0.0 FREQ
       F2F2 F2F2 F2F2 F2F2 F2F2 F2F2 F2F2 F2F2 F2F2 F2F2   -    -  MODE  
       23.0 12.0  7.6  8.0  3.0 12.8 12.8 12.8 12.8 12.8   -    -  TANGLE
        3.0 14.0  7.6  8.0  3.0 12.8 12.8 12.8 12.8 12.8   -    -  RANGLE
       29.0 28.5 28.4 28.4 28.3 29.1 29.1 29.1 29.1 29.1   -    -  DELAY 
        448  334  338  347  373  479  479  479  479  479   -    -  V HITE
       0.50 1.00 1.00 0.93 0.15 0.00 0.00 0.00 0.00 0.00   -    -  MUFday
        152  156  147  145  170  282  284  284  286  286   -    -  LOSS  
        -12  -24  -12   -7  -29 -139 -137 -137 -137 -136   -    -  DBU   
       -138 -142 -134 -132 -157 -269 -270 -271 -272 -273   -    -  S DBW 
       -157 -144 -149 -153 -159 -163 -167 -168 -170 -172   -    -  N DBW 
         19    2   15   22    2 -105 -103 -102 -101 -101   -    -  SNR   
         10   14    2    1   27  122  120  119  118  118   -    -  RPWRG 
       0.78 0.41 0.86 0.88 0.48 0.00 0.00 0.00 0.00 0.00   -    -  REL   
       0.00 0.00 0.00 0.00 0.00 0.00 0.00 0.00 0.00 0.00   -    -  MPROB 
       0.38 0.24 0.43 0.48 0.21 0.00 0.00 0.00 0.00 0.00   -    -  S PRB 
       25.0 10.0 11.5 17.9 25.0  9.9  9.9  9.9  9.9  9.9   -    -  SIG LW
        8.9  0.6  0.7  1.9 17.8 25.0  0.6  0.6  0.6  0.6   -    -  SIG UP
       26.7 13.3 14.4 20.0 26.7 13.8 13.8 13.8 13.8 13.8   -    -  SNR LW
       10.3  6.6  5.6  5.4 18.6 25.7  5.9  5.9  5.9  5.9   -    -  SNR UP
        0.0  0.0  0.0  0.0  0.0  0.0  0.0  0.0  0.0  0.0   -    -  TGAIN 
        0.0  0.0  0.0  0.0  0.0  0.0  0.0  0.0  0.0  0.0   -    -  RGAIN 
         -7  -11    1    2  -24 -119 -117 -116 -115 -115   -    -  SNRxx 

   7.0  8.4  3.6  5.3  7.1 10.1 14.1 18.1 21.1 24.9 28.2  0.0  0.0 FREQ
       F2F2 F2F2 F2F2 F2F2 F2F2 F2F2 F2F2 F2F2 F2F2 F2F2   -    -  MODE  
        3.0 12.0 12.0 12.0  3.0  3.0 13.1 13.1 13.1 13.1   -    -  TANGLE
        3.0 18.0  8.5 18.0  3.0 13.1 13.1 13.1 13.1 13.1   -    -  RANGLE
       28.2 28.7 28.8 28.7 28.5 28.9 29.2 29.2 29.2 29.2   -    -  DELAY 
        348  365  433  368  421  463  487  487  487  487   -    -  V HITE
       0.50 1.00 0.99 0.85 0.03 0.00 0.00 0.00 0.00 0.00   -    -  MUFday
        152  155  146  145  188  294  281  282  283  284   -    -  LOSS  
        -12  -23  -10   -7  -47 -150 -135 -134 -134 -134   -    -  DBU   
       -138 -141 -132 -131 -174 -280 -267 -268 -269 -270   -    -  S DBW 
       -156 -144 -149 -153 -159 -163 -167 -168 -170 -172   -    -  N DBW 
         18    3   17   22  -16 -117 -101 -100  -99  -98   -    -  SNR   
         12   15    2    7   45  135  119  118  117  117   -    -  RPWRG 
       0.76 0.51 0.86 0.82 0.17 0.00 0.00 0.00 0.00 0.00   -    -  REL   
       0.00 0.00 0.00 0.00 0.00 0.00 0.00 0.00 0.00 0.00   -    -  MPROB 
       0.37 0.25 0.46 0.41 0.09 0.00 0.00 0.00 0.00 0.00   -    -  S PRB 
       25.0 12.3 14.0 25.0 25.0 12.2 12.2 12.2 12.2 12.2   -    -  SIG LW
        7.3  0.7  0.8  3.8 25.0  4.6  0.7  0.7  0.7  0.7   -    -  SIG UP
       26.6 15.2 16.5 26.5 26.7 15.5 15.5 15.5 15.5 15.5   -    -  SNR LW
        8.9  7.1  6.0  6.4 25.6  7.4  5.9  6.0  6.0  5.9   -    -  SNR UP
        0.0  0.0  0.0  0.0  0.0  0.0  0.0  0.0  0.0  0.0   -    -  TGAIN 
        0.0  0.0  0.0  0.0  0.0  0.0  0.0  0.0  0.0  0.0   -    -  RGAIN 
         -9  -12    1   -4  -42 -132 -116 -115 -114 -114   -    -  SNRxx 

   8.0 10.8  3.6  5.3  7.1 10.1 14.1 18.1 21.1 24.9 28.2  0.0  0.0 FREQ
       F2F2 F2F2 F2F2 F2F2 F2F2 F2F2 F2F2 F2F2 F2F2 F2F2   -    -  MODE  
        3.0 12.0 12.0 12.0 16.0  3.0 12.5 12.5 12.5 12.5   -    -  TANGLE
        3.0 28.0 16.0 14.0  3.0 12.5 12.5 12.5 12.5 12.5   -    -  RANGLE
       28.3 28.8 28.5 28.5 28.6 28.9 29.0 29.0 29.0 29.0   -    -  DELAY 
        356  361  343  331  374  467  468  468  468  468   -    -  V HITE
       0.50 1.00 1.00 0.99 0.67 0.00 0.00 0.00 0.00 0.00   -    -  MUFday
        161  173  161  154  155  224  294  295  296  297   -    -  LOSS  
        -19  -41  -25  -16  -14  -80 -148 -148 -147 -147   -    -  DBU   
       -147 -160 -147 -141 -141 -210 -281 -281 -282 -283   -    -  S DBW 
       -160 -147 -151 -154 -159 -163 -167 -168 -170 -172   -    -  N DBW 
         13  -13    4   14   17  -47 -114 -113 -112 -111   -    -  SNR   
         17   27   10    2   12   77  128  127  126  125   -    -  RPWRG 
       0.68 0.00 0.54 0.86 0.75 0.01 0.00 0.00 0.00 0.00   -    -  REL   
       0.00 0.00 0.00 0.00 0.00 0.00 0.00 0.00 0.00 0.00   -    -  MPROB 
       0.31 0.07 0.30 0.46 0.36 0.01 0.00 0.00 0.00 0.00   -    -  S PRB 
       25.0  4.9  5.3  8.5 25.0 25.0  4.9  4.9  4.9  4.9   -    -  SIG LW
       11.6  4.8  4.8  5.0 10.1 25.0 10.8  4.8  4.8  4.8   -    -  SIG UP
       26.7 10.7 10.7 12.6 26.7 26.8 10.8 10.8 10.8 10.8   -    -  SNR LW
       12.8  7.4  7.3  7.4 11.5 25.7 12.3  7.6  7.6  7.6   -    -  SNR UP
        0.0  0.0  0.0  0.0  0.0  0.0  0.0  0.0  0.0  0.0   -    -  TGAIN 
        0.0  0.0  0.0  0.0  0.0  0.0  0.0  0.0  0.0  0.0   -    -  RGAIN 
        -14  -24   -7    1   -9  -74 -125 -124 -123 -122   -    -  SNRxx 

   9.0 10.6  3.6  5.3  7.1 10.1 14.1 18.1 21.1 24.9 28.2  0.0  0.0 FREQ
       F2F2 F2F2 F2F2 F2F2 F2F2 F2F2 F2F2 F2F2 F2F2 F2F2   -    -  MODE  
        3.0  7.7  6.8  7.0  3.0 12.6 12.6 12.6 12.6 12.6   -    -  TANGLE
        4.8  7.7  6.8  7.0  6.1 17.2  7.0 12.6 12.6 12.6   -    -  RANGLE
       28.5 28.4 28.2 28.3 28.5 29.3 29.2 29.1 29.1 29.1   -    -  DELAY 
        415  338  315  321  406  513  543  472  472  472   -    -  V HITE
       0.50 1.00 1.00 0.99 0.63 0.00 0.00 0.00 0.00 0.00   -    -  MUFday
        163  175  163  156  158  223  302  292  293  294   -    -  LOSS  
        -22  -43  -27  -18  -17  -79 -156 -145 -144 -144   -    -  DBU   
       -150 -161 -149 -142 -144 -209 -288 -279 -279 -280   -    -  S DBW 
       -160 -147 -152 -155 -159 -163 -166 -168 -170 -172   -    -  N DBW 
         10  -14    3   13   15  -46 -121 -110 -109 -108   -    -  SNR   
         20   27   11    2   15   76  135  124  122  122   -    -  RPWRG 
       0.63 0.00 0.47 0.85 0.71 0.01 0.00 0.00 0.00 0.00   -    -  REL   
       0.00 0.00 0.00 0.00 0.00 0.00 0.00 0.00 0.00 0.00   -    -  MPROB 
       0.28 0.06 0.24 0.43 0.33 0.01 0.00 0.00 0.00 0.00   -    -  S PRB 
       25.0  3.6  4.0  6.8 25.0 25.0  3.6  3.6  3.6  3.6   -    -  SIG LW
       11.2  4.8  4.8  5.2  9.4 25.0  4.8  4.8  4.8  4.8   -    -  SIG UP
       26.7 10.3 10.4 11.7 26.7 26.8 10.3 10.3 10.3 10.3   -    -  SNR LW
       12.5  7.6  7.6  7.7 10.9 25.6  7.6  7.6  7.6  7.6   -    -  SNR UP
        0.0  0.0  0.0  0.0  0.0  0.0  0.0  0.0  0.0  0.0   -    -  TGAIN 
        0.0  0.0  0.0  0.0  0.0  0.0  0.0  0.0  0.0  0.0   -    -  RGAIN 
        -17  -24   -8    1  -12  -73 -132 -121 -119 -119   -    -  SNRxx 

  10.0  8.6  3.6  5.3  7.1 10.1 14.1 18.1 21.1 24.9 28.2  0.0  0.0 FREQ
       F2F2 F2F2 F2F2 F2F2 F2F2 F2F2 F2F2 F2F2 F2F2 F2F2   -    -  MODE  
        3.0  8.0  7.1  7.8  3.0 12.6 12.6 12.6 12.6 12.6   -    -  TANGLE
       14.5  8.0  7.1  7.8 11.1  3.0 19.1 13.6  7.0 12.6   -    -  RANGLE
       28.5 28.4 28.3 28.4 28.7 28.5 29.3 29.3 29.2 29.1   -    -  DELAY 
        372  346  322  341  424  376  495  510  532  473   -    -  V HITE
       0.50 1.00 1.00 0.89 0.06 0.00 0.00 0.00 0.00 0.00   -    -  MUFday
        163  186  168  158  188  318  278  287  299  287   -    -  LOSS  
        -23  -53  -32  -20  -47 -174 -132 -140 -150 -137   -    -  DBU   
       -149 -172 -154 -145 -175 -304 -264 -273 -285 -273   -    -  S DBW 
       -157 -147 -152 -155 -159 -163 -166 -168 -170 -172   -    -  N DBW 
          8  -25   -2   11  -16 -141  -98 -105 -115 -101   -    -  SNR   
         22   42   21   16   45  158  115  122  132  119   -    -  RPWRG 
       0.60 0.00 0.15 0.66 0.18 0.00 0.00 0.00 0.00 0.00   -    -  REL   
       0.00 0.00 0.00 0.00 0.00 0.00 0.00 0.00 0.00 0.00   -    -  MPROB 
       0.27 0.03 0.17 0.31 0.10 0.00 0.00 0.00 0.00 0.00   -    -  S PRB 
       25.0 10.6 12.5 21.0 25.0 10.5 10.5 10.5 10.5 10.5   -    -  SIG LW
        8.7  0.5  0.7  2.7 25.0 22.9  0.5  0.5  0.5  0.5   -    -  SIG UP
       26.8 14.4 15.8 23.1 26.7 14.2 14.2 14.3 14.3 14.3   -    -  SNR LW
       10.4  6.0  6.0  6.5 25.6 23.5  5.8  5.9  5.9  5.9   -    -  SNR UP
        0.0  0.0  0.0  0.0  0.0  0.0  0.0  0.0  0.0  0.0   -    -  TGAIN 
        0.0  0.0  0.0  0.0  0.0  0.0  0.0  0.0  0.0  0.0   -    -  RGAIN 
        -19  -39  -18  -13  -42 -155 -112 -119 -129 -116   -    -  SNRxx 

  11.0  8.3  3.6  5.3  7.1 10.1 14.1 18.1 21.1 24.9 28.2  0.0  0.0 FREQ
       F2F2 F2F2 F2F2 F2F2 F2F2 F2F2 F2F2 F2F2 F2F2 F2F2   -    -  MODE  
        3.0 11.1  7.0  7.8 12.2 12.2 12.2 12.2 12.2 12.2   -    -  TANGLE
       20.2 11.1  7.0  7.8 15.2  7.9 26.7 20.8 15.0 10.6   -    -  RANGLE
       28.5 29.1 28.3 28.4 28.8 28.7 29.3 29.3 29.2 29.2   -    -  DELAY 
        348  432  322  341  400  405  473  483  498  514   -    -  V HITE
       0.50 1.00 0.99 0.83 0.02 0.00 0.00 0.00 0.00 0.00   -    -  MUFday
        176  219  190  174  208  319  273  280  289  298   -    -  LOSS  
        -37  -87  -55  -36  -67 -175 -127 -133 -140 -148   -    -  DBU   
       -162 -205 -176 -161 -195 -305 -259 -266 -275 -284   -    -  S DBW 
       -157 -147 -152 -155 -159 -163 -166 -168 -170 -172   -    -  N DBW 
         -5  -58  -25   -5  -35 -142  -93  -98 -105 -112   -    -  SNR   
         35   77   45   35   65  161  112  116  124  130   -    -  RPWRG 
       0.21 0.00 0.00 0.07 0.03 0.00 0.00 0.00 0.00 0.00   -    -  REL   
       0.00 0.00 0.00 0.00 0.00 0.00 0.00 0.00 0.00 0.00   -    -  MPROB 
       0.16 0.00 0.03 0.16 0.03 0.00 0.00 0.00 0.00 0.00   -    -  S PRB 
       25.0 12.3 14.6 25.0 25.0 12.1 12.1 12.1 12.1 12.1   -    -  SIG LW
       11.7  2.2  2.5  3.8 25.0  2.2  2.2  2.2  2.2  2.2   -    -  SIG UP
       26.8 15.6 17.5 26.8 26.8 15.3 15.4 15.5 15.5 15.5   -    -  SNR LW
       13.1  6.4  6.5  7.1 25.6  5.8  6.1  6.3  6.3  6.3   -    -  SNR UP
        0.0  0.0  0.0  0.0  0.0  0.0  0.0  0.0  0.0  0.0   -    -  TGAIN 
        0.0  0.0  0.0  0.0  0.0  0.0  0.0  0.0  0.0  0.0   -    -  RGAIN 
        -32  -74  -42  -32  -62 -158 -109 -113 -121 -127   -    -  SNRxx 

  12.0 11.2  3.6  5.3  7.1 10.1 14.1 18.1 21.1 24.9 28.2  0.0  0.0 FREQ
       F2F2 F2F2 F2F2 F2F2 F2F2 F2F2 F2F2 F2F2 F2F2 F2F2   -    -  MODE  
        3.0 17.0  9.1  6.2  3.0 11.3 11.3 11.3 11.3 11.3   -    -  TANGLE
       16.1 17.0  9.1  6.2 18.6 10.9  5.2 25.4 19.2 14.9   -    -  RANGLE
       28.4 29.8 28.7 28.1 28.4 28.6 28.6 29.3 29.2 29.2   -    -  DELAY 
        333  413  377  300  320  383  388  473  487  500   -    -  V HITE
       0.50 1.00 1.00 0.99 0.74 0.01 0.00 0.00 0.00 0.00   -    -  MUFday
        187  284  232  206  184  233  340  289  296  303   -    -  LOSS  
        -45 -152  -97  -68  -43  -89 -194 -141 -147 -153   -    -  DBU   
       -173 -270 -219 -192 -170 -219 -327 -275 -282 -289   -    -  S DBW 
       -160 -147 -152 -155 -159 -162 -166 -168 -170 -172   -    -  N DBW 
        -13 -123  -67  -37  -11  -57 -160 -107 -112 -117   -    -  SNR   
         43  139   83   54   41   87  176  122  128  133   -    -  RPWRG 
       0.10 0.00 0.00 0.00 0.06 0.00 0.00 0.00 0.00 0.00   -    -  REL   
       0.00 0.00 0.00 0.00 0.00 0.00 0.00 0.00 0.00 0.00   -    -  MPROB 
       0.10 0.00 0.00 0.01 0.12 0.01 0.00 0.00 0.00 0.00   -    -  S PRB 
       25.0  8.4  8.5 10.5 25.0 25.0  8.3  8.3  8.3  8.3   -    -  SIG LW
       14.9  5.3  5.3  5.5 10.2 25.0 25.0  5.3  5.3  5.3   -    -  SIG UP
       26.7 12.8 12.9 14.3 26.7 26.7 12.6 12.7 12.7 12.7   -    -  SNR LW
       15.9  8.0  8.0  8.1 11.6 25.5 25.6  7.9  7.9  7.9   -    -  SNR UP
        0.0  0.0  0.0  0.0  0.0  0.0  0.0  0.0  0.0  0.0   -    -  TGAIN 
        0.0  0.0  0.0  0.0  0.0  0.0  0.0  0.0  0.0  0.0   -    -  RGAIN 
        -40 -136  -80  -51  -38  -84 -173 -119 -125 -130   -    -  SNRxx 

  13.0 17.1  3.6  5.3  7.1 10.1 14.1 18.1 21.1 24.9 28.2  0.0  0.0 FREQ
       F2F1  E E F2F2 F2F2 F2F2 F2F2 F2F1 F2F2 F2F2 F2F2   -    -  MODE  
        3.0  3.0 15.1  8.8  5.1  5.7  3.0 10.5 10.5 10.5   -    -  TANGLE
        8.4  3.0 15.1  8.8  5.1  5.7  7.1 27.6 21.1 16.6   -    -  RANGLE
       28.3 27.3 29.4 28.6 28.0 28.1 28.3 29.3 29.3 29.3   -    -  DELAY 
        327   95  371  369  272  288  341  478  492  507   -    -  V HITE
       0.50 1.00 1.00 1.00 1.00 0.96 0.27 0.01 0.00 0.00   -    -  MUFday
        182  369  280  233  200  178  190  216  286  306   -    -  LOSS  
        -36 -237 -145  -95  -59  -34  -44  -68 -137 -156   -    -  DBU   
       -168 -355 -267 -219 -186 -164 -176 -202 -272 -292   -    -  S DBW 
       -165 -147 -152 -155 -159 -162 -166 -168 -170 -172   -    -  N DBW 
         -3 -208 -115  -64  -27   -2  -10  -34 -102 -120   -    -  SNR   
         33  229  136   85   48   26   40   64  131  141   -    -  RPWRG 
       0.27 0.00 0.00 0.00 0.00 0.22 0.14 0.03 0.00 0.00   -    -  REL   
       0.00 0.00 0.00 0.00 0.00 0.00 0.00 0.00 0.00 0.00   -    -  MPROB 
       0.16 0.00 0.00 0.00 0.02 0.16 0.12 0.03 0.00 0.00   -    -  S PRB 
       25.0 15.2 15.2 15.2 15.3 18.2 25.0 25.0 25.0 15.2   -    -  SIG LW
       11.3  6.1  6.1  6.1  6.1  7.3 14.5 25.0 25.0  6.1   -    -  SIG UP
       26.7 18.0 18.0 18.0 18.0 20.4 26.7 26.8 26.8 18.0   -    -  SNR LW
       12.5  8.6  8.6  8.5  8.3  8.9 15.5 25.7 25.7  8.5   -    -  SNR UP
        0.0  0.0  0.0  0.0  0.0  0.0  0.0  0.0  0.0  0.0   -    -  TGAIN 
        0.0  0.0  0.0  0.0  0.0  0.0  0.0  0.0  0.0  0.0   -    -  RGAIN 
        -30 -226 -133  -82  -45  -23  -37  -61 -128 -138   -    -  SNRxx 

  14.0 23.7  3.6  5.3  7.1 10.1 14.1 18.1 21.1 24.9 28.2  0.0  0.0 FREQ
       F2F2  E E  E E F2F2 F2F2 F2F2 F2F2 F2F2 F2F2 F2F2   -    -  MODE  
        3.0  3.0  3.1 14.3  7.1  4.4  4.7  5.7  3.0 10.0   -    -  TANGLE
       23.2  3.0  3.1 14.3  7.1  4.4  4.7  5.7 21.3 16.7   -    -  RANGLE
       29.0 27.3 27.3 29.2 28.3 27.9 27.9 28.0 29.1 29.3   -    -  DELAY 
        456   88   96  354  324  253  262  286  473  525   -    -  V HITE
       0.50 1.00 1.00 1.00 1.00 1.00 0.99 0.86 0.30 0.03   -    -  MUFday
        174  642  328  258  210  184  172  169  179  206   -    -  LOSS  
        -25 -509 -192 -120  -68  -40  -26  -22  -30  -55   -    -  DBU   
       -160 -628 -314 -244 -196 -171 -159 -155 -165 -192   -    -  S DBW 
       -170 -147 -152 -155 -159 -161 -165 -168 -170 -172   -    -  N DBW 
         10 -481 -162  -89  -37   -9    7   13    5  -20   -    -  SNR   
         20  501  182  109   57   29   14   14   25   50   -    -  RPWRG 
       0.63 0.00 0.00 0.00 0.00 0.02 0.61 0.70 0.54 0.13   -    -  REL   
       0.00 0.00 0.00 0.00 0.00 0.00 0.00 0.00 0.00 0.00   -    -  MPROB 
       0.27 0.00 0.00 0.00 0.01 0.09 0.26 0.32 0.23 0.07   -    -  S PRB 
       25.0 14.1 14.1 14.1 14.1 14.1 15.6 21.5 25.0 25.0   -    -  SIG LW
       17.6  6.1  6.1  6.1  6.1  6.1  6.2  6.6 23.6 25.0   -    -  SIG UP
       26.8 17.1 17.1 17.1 16.9 16.7 18.1 23.5 26.8 26.8   -    -  SNR LW
       18.6  8.5  8.5  8.5  8.2  7.8  8.1  8.7 24.3 25.7   -    -  SNR UP
        0.0  0.0  0.0  0.0  0.0  0.0  0.0  0.0  0.0  0.0   -    -  TGAIN 
        0.0  0.0  0.0  0.0  0.0  0.0  0.0  0.0  0.0  0.0   -    -  RGAIN 
        -17 -498 -179 -106  -54  -26  -11  -11  -22  -47   -    -  SNRxx 

  15.0 28.9  3.6  5.3  7.1 10.1 14.1 18.1 21.1 24.9 28.2  0.0  0.0 FREQ
       F2F2  E E  E E  E E F2F2 F2F2 F2F2 F2F2 F2F2 F2F2   -    -  MODE  
        3.0  3.0  3.0  3.2 18.0  4.4  4.1  4.3  5.1  3.0   -    -  TANGLE
        3.0  3.0  3.0  3.2 18.7  4.4  4.1  4.3  5.1  3.0   -    -  RANGLE
       28.1 27.3 27.3 27.3 28.5 27.9 27.8 27.8 28.0 28.1   -    -  DELAY 
        306   88   92   97  314  255  245  251  271  299   -    -  V HITE
       0.50 1.00 1.00 1.00 1.00 1.00 1.00 1.00 0.91 0.60   -    -  MUFday
        174  633  451  277  215  184  172  167  165  168   -    -  LOSS  
        -23 -501 -316 -139  -74  -40  -26  -20  -16  -18   -    -  DBU   
       -160 -619 -437 -263 -201 -170 -158 -153 -151 -154   -    -  S DBW 
       -172 -147 -152 -155 -159 -161 -165 -168 -170 -172   -    -  N DBW 
         12 -472 -285 -108  -43   -9    7   15   19   18   -    -  SNR   
         17  491  305  127   62   28   12    5    3   12   -    -  RPWRG 
       0.67 0.00 0.00 0.00 0.00 0.02 0.61 0.81 0.85 0.76   -    -  REL   
       0.00 0.00 0.00 0.00 0.00 0.00 0.00 0.00 0.00 0.00   -    -  MPROB 
       0.30 0.00 0.00 0.00 0.00 0.08 0.26 0.39 0.45 0.36   -    -  S PRB 
       25.0 12.9 12.9 12.9 12.9 12.9 13.1 13.8 16.7 25.0   -    -  SIG LW
       15.7  6.0  6.0  6.0  6.0  6.0  6.0  6.4  6.1 13.6   -    -  SIG UP
       26.8 16.2 16.2 16.1 16.0 15.6 15.9 16.7 19.2 26.8   -    -  SNR LW
       16.8  8.5  8.4  8.4  8.1  7.6  7.7  8.5  8.5 14.8   -    -  SNR UP
        0.0  0.0  0.0  0.0  0.0  0.0  0.0  0.0  0.0  0.0   -    -  TGAIN 
        0.0  0.0  0.0  0.0  0.0  0.0  0.0  0.0  0.0  0.0   -    -  RGAIN 
        -14 -488 -302 -124  -59  -25   -9   -2    0   -9   -    -  SNRxx 

  16.0 32.0  3.6  5.3  7.1 10.1 14.1 18.1 21.1 24.9 28.2  0.0  0.0 FREQ
       NANA  E E  E E F2F2 F2F2 F2F2 F2F2 F2F2 F2F2 F2F2   -    -  MODE  
       99.9  3.0  3.0 23.4 14.2  7.1  4.1  4.0  4.4  5.2   -    -  TANGLE
        3.0  3.0  3.0 24.5 15.1  7.1  4.1  4.0  4.4  5.2   -    -  RANGLE
       99.9 27.3 27.3 28.9 28.6 28.3 27.8 27.8 27.9 28.0   -    -  DELAY 
       1000   88   92  355  360  324  246  245  255  275   -    -  V HITE
       0.50 1.00 1.00 1.00 1.00 1.00 1.00 1.00 0.99 0.88   -    -  MUFday
       1000  582  419  247  202  181  169  165  162  162   -    -  LOSS  
       -999 -450 -284 -109  -61  -37  -23  -17  -13  -12   -    -  DBU   
       -999 -568 -405 -233 -188 -167 -155 -151 -148 -148   -    -  S DBW 
       -173 -147 -152 -155 -158 -161 -165 -168 -170 -172   -    -  N DBW 
       -999 -421 -254  -78  -30   -6   10   17   22   24   -    -  SNR   
       -999  439  272   96   48   23    8    1   -3   -1   -    -  RPWRG 
       0.00 0.00 0.00 0.00 0.00 0.07 0.72 0.88 0.93 0.92   -    -  REL   
       0.00 0.00 0.00 0.00 0.00 0.00 0.00 0.00 0.00 0.00   -    -  MPROB 
       0.00 0.00 0.00 0.00 0.01 0.11 0.32 0.44 0.53 0.52   -    -  S PRB 
       25.0 11.8 11.8 11.8 11.8 11.8 11.8 12.1 13.3 16.4   -    -  SIG LW
       15.2  5.9  5.9  5.9  5.9  5.9  5.9  5.9  6.0  6.1   -    -  SIG UP
       26.8 15.2 15.2 15.2 15.0 14.7 15.0 15.4 16.4 19.1   -    -  SNR LW
       16.3  8.4  8.4  8.3  7.9  7.6  7.8  8.2  8.4  8.5   -    -  SNR UP
        0.0  0.0  0.0  0.0  0.0  0.0  0.0  0.0  0.0  0.0   -    -  TGAIN 
        0.0  0.0  0.0  0.0  0.0  0.0  0.0  0.0  0.0  0.0   -    -  RGAIN 
       -999 -436 -269  -93  -45  -20   -5    2    6    4   -    -  SNRxx 

  17.0 29.6  3.6  5.3  7.1 10.1 14.1 18.1 21.1 24.9 28.2  0.0  0.0 FREQ
       F2F2  E E  EF2 F2F2 F2F2 F2F2 F2F2 F2F2 F2F2 F2F2   -    -  MODE  
       16.0  3.0  3.0 28.0 16.3  5.2  4.9  5.2  5.9  7.5   -    -  TANGLE
        3.0  3.0 27.2 22.0 12.0  5.2  4.9  5.2  5.9  7.5   -    -  RANGLE
       28.6 27.3 28.1 28.6 28.4 28.0 27.9 28.0 28.1 28.4   -    -  DELAY 
        392   89  237  310  315  275  267  273  293  334   -    -  V HITE
       0.50 1.00 1.00 1.00 1.00 1.00 1.00 1.00 0.98 0.73   -    -  MUFday
        167  531  319  246  199  176  167  163  161  161   -    -  LOSS  
        -17 -398 -184 -108  -58  -32  -20  -15  -12  -11   -    -  DBU   
       -153 -517 -306 -232 -185 -162 -153 -149 -147 -147   -    -  S DBW 
       -172 -147 -152 -155 -158 -162 -166 -168 -170 -172   -    -  N DBW 
         19 -370 -154  -78  -27   -1   13   19   23   24   -    -  SNR   
         10  387  171   95   44   18    4   -2   -5    0   -    -  RPWRG 
       0.78 0.00 0.00 0.00 0.00 0.27 0.81 0.92 0.95 0.90   -    -  REL   
       0.00 0.00 0.00 0.00 0.00 0.00 0.00 0.00 0.00 0.00   -    -  MPROB 
       0.38 0.00 0.00 0.00 0.01 0.17 0.38 0.49 0.58 0.50   -    -  S PRB 
       25.0 10.8 10.8 10.8 10.8 10.8 10.8 11.2 12.0 19.1   -    -  SIG LW
       15.6  5.7  5.7  5.7  5.7  5.7  5.7  5.7  6.4  6.3   -    -  SIG UP
       26.8 14.5 14.4 14.4 14.2 14.1 14.3 14.8 15.4 21.4   -    -  SNR LW
       16.6  8.2  8.1  8.0  7.7  7.5  7.8  8.1  8.7  8.6   -    -  SNR UP
        0.0  0.0  0.0  0.0  0.0  0.0  0.0  0.0  0.0  0.0   -    -  TGAIN 
        0.0  0.0  0.0  0.0  0.0  0.0  0.0  0.0  0.0  0.0   -    -  RGAIN 
         -7 -384 -168  -92  -41  -15   -1    5    8    3   -    -  SNRxx 

  18.0 27.4  3.6  5.3  7.1 10.1 14.1 18.1 21.1 24.9 28.2  0.0  0.0 FREQ
       F2F2  E E F2F2 F2F2 F2F2 F2F2 F2F2 F2F2 F2F2 F2F2   -    -  MODE  
       20.0  3.0 19.9 13.5  5.5  4.6  4.8  5.3  6.6 16.0   -    -  TANGLE
        3.0  3.0 19.9 13.5  5.5  4.6  4.8  5.3  6.6  3.0   -    -  RANGLE
       28.7 27.3 30.2 29.0 28.0 27.9 27.9 28.0 28.2 28.4   -    -  DELAY 
        386   90  362  337  282  259  264  276  310  347   -    -  V HITE
       0.50 1.00 1.00 1.00 1.00 1.00 1.00 0.99 0.81 0.33   -    -  MUFday
        168  479  277  231  191  172  164  161  161  175   -    -  LOSS  
        -18 -347 -142  -93  -50  -28  -18  -14  -12  -25   -    -  DBU   
       -154 -465 -264 -217 -177 -158 -150 -147 -147 -161   -    -  S DBW 
       -171 -147 -151 -154 -158 -162 -166 -168 -170 -172   -    -  N DBW 
         17 -319 -113  -63  -19    4   16   21   23   10   -    -  SNR   
         13  335  129   79   36   13    1   -3    0   19   -    -  RPWRG 
       0.75 0.00 0.00 0.00 0.00 0.53 0.88 0.94 0.89 0.64   -    -  REL   
       0.00 0.00 0.00 0.00 0.00 0.00 0.00 0.00 0.00 0.00   -    -  MPROB 
       0.35 0.00 0.00 0.00 0.03 0.23 0.45 0.54 0.49 0.28   -    -  S PRB 
       25.0  9.8  9.8  9.8  9.8  9.8 10.2 11.3 18.2 25.0   -    -  SIG LW
       14.7  5.5  5.5  5.5  5.5  5.5  5.5  5.6  6.1 20.2   -    -  SIG UP
       26.8 13.7 13.6 13.5 13.4 13.4 13.9 14.8 20.6 26.8   -    -  SNR LW
       15.9  7.9  7.9  7.8  7.6  7.4  7.8  8.0  8.4 21.0   -    -  SNR UP
        0.0  0.0  0.0  0.0  0.0  0.0  0.0  0.0  0.0  0.0   -    -  TGAIN 
        0.0  0.0  0.0  0.0  0.0  0.0  0.0  0.0  0.0  0.0   -    -  RGAIN 
        -10 -332 -126  -76  -33  -10    2    6    3  -16   -    -  SNRxx 

  19.0 23.8  3.6  5.3  7.1 10.1 14.1 18.1 21.1 24.9 28.2  0.0  0.0 FREQ
       F2F2  E E F2F2 F2F2 F2F2 F2F2 F2F2 F2F2 F2F2 F2F2   -    -  MODE  
       24.0  3.1 13.7 27.0 16.9  4.6  3.1  6.2  3.0 19.6   -    -  TANGLE
        3.0  3.1 13.7 10.0 10.0  4.6 10.0  6.2  3.0  3.0   -    -  RANGLE
       28.6 27.3 29.1 28.6 28.4 27.9 28.3 28.1 28.1 29.3   -    -  DELAY 
        352   96  342  323  314  258  338  301  305  542   -    -  V HITE
       0.50 1.00 1.00 1.00 1.00 1.00 0.99 0.87 0.26 0.00   -    -  MUFday
        168  324  250  208  182  167  160  160  180  228   -    -  LOSS  
        -20 -192 -114  -70  -41  -23  -13  -13  -31  -78   -    -  DBU   
       -154 -310 -236 -194 -168 -153 -146 -147 -166 -214   -    -  S DBW 
       -170 -146 -150 -153 -158 -162 -166 -168 -170 -172   -    -  N DBW 
         15 -164  -86  -41  -11    9   20   22    4  -42   -    -  SNR   
         14  180  102   57   26    7   -3   -1   26   72   -    -  RPWRG 
       0.72 0.00 0.00 0.00 0.01 0.73 0.93 0.92 0.52 0.01   -    -  REL   
       0.00 0.00 0.00 0.00 0.00 0.00 0.00 0.00 0.00 0.00   -    -  MPROB 
       0.33 0.00 0.00 0.00 0.07 0.33 0.55 0.52 0.22 0.02   -    -  S PRB 
       25.0  8.8  8.8  8.8  8.8  8.9 11.3 14.5 25.0 25.0   -    -  SIG LW
       15.5  5.2  5.2  5.2  5.2  5.2  5.4  5.6 19.9 25.0   -    -  SIG UP
       26.8 12.8 12.7 12.6 12.6 12.8 14.7 17.4 26.8 26.8   -    -  SNR LW
       16.6  8.4  8.1  7.8  7.4  7.3  7.8  8.0 20.7 25.7   -    -  SNR UP
        0.0  0.0  0.0  0.0  0.0  0.0  0.0  0.0  0.0  0.0   -    -  TGAIN 
        0.0  0.0  0.0  0.0  0.0  0.0  0.0  0.0  0.0  0.0   -    -  RGAIN 
        -11 -177  -99  -54  -23   -4    6    4  -23  -69   -    -  SNRxx 

  20.0 20.6  3.6  5.3  7.1 10.1 14.1 18.1 21.1 24.9 28.2  0.0  0.0 FREQ
       F2F2 F2F2 F2F2 F2F2 F2F2 F2F2 F2F2 F2F2 F2F2 F2F2   -    -  MODE  
        3.0 15.5  7.5 24.8  4.6  5.0  6.3  3.0  3.0 19.3   -    -  TANGLE
        3.0 15.5  7.5 10.0  4.6  5.0  6.3  3.0 11.0 11.0   -    -  RANGLE
       28.1 29.5 28.4 28.5 27.9 27.9 28.2 28.1 28.4 29.3   -    -  DELAY 
        297  380  334  319  258  269  303  301  350  502   -    -  V HITE
       0.50 1.00 1.00 1.00 1.00 1.00 0.89 0.37 0.00 0.00   -    -  MUFday
        168  269  219  192  172  161  159  174  249  300   -    -  LOSS  
        -21 -136  -83  -54  -31  -17  -13  -26 -100 -150   -    -  DBU   
       -154 -255 -205 -178 -158 -147 -145 -160 -235 -287   -    -  S DBW 
       -168 -145 -150 -153 -158 -163 -166 -168 -170 -172   -    -  N DBW 
         14 -110  -55  -25   -1   15   21    8  -65 -115   -    -  SNR   
         16  126   71   41   17    1    0   21   94  131   -    -  RPWRG 
       0.69 0.00 0.00 0.00 0.27 0.88 0.90 0.60 0.00 0.00   -    -  REL   
       0.00 0.00 0.00 0.00 0.00 0.00 0.00 0.00 0.00 0.00   -    -  MPROB 
       0.32 0.00 0.00 0.01 0.17 0.44 0.51 0.26 0.00 0.00   -    -  S PRB 
       25.0  9.3  9.3  9.3  9.3  9.9 14.7 25.0 25.0  9.3   -    -  SIG LW
       13.3  5.7  5.7  5.7  5.7  5.7  6.0 16.6 25.0 25.0   -    -  SIG UP
       26.8 13.0 12.9 12.9 12.9 13.7 17.6 26.8 26.8 13.4   -    -  SNR LW
       14.6  8.5  8.2  8.0  7.6  7.8  8.3 17.6 25.7 25.7   -    -  SNR UP
        0.0  0.0  0.0  0.0  0.0  0.0  0.0  0.0  0.0  0.0   -    -  TGAIN 
        0.0  0.0  0.0  0.0  0.0  0.0  0.0  0.0  0.0  0.0   -    -  RGAIN 
        -13 -123  -68  -38  -14    2    3  -18  -91 -128   -    -  SNRxx 

  21.0 18.3  3.6  5.3  7.1 10.1 14.1 18.1 21.1 24.9 28.2  0.0  0.0 FREQ
       F2F2 F2F2 F2F2 F2F2 F2F2 F2F2 F2F2 F2F2 F2F2 F2F2   -    -  MODE  
        3.0  9.3  5.3  4.8  4.9  5.8  3.0  3.0 22.4 17.7   -    -  TANGLE
        3.0  9.3  5.3  4.8  4.9  5.8  3.0  3.0 11.2 11.2   -    -  RANGLE
       28.1 28.7 28.0 27.9 27.9 28.1 28.1 28.3 29.3 29.3   -    -  DELAY 
        300  382  276  265  267  288  298  351  493  504   -    -  V HITE
       0.50 1.00 1.00 1.00 1.00 0.99 0.55 0.02 0.00 0.00   -    -  MUFday
        168  228  193  177  163  157  164  219  295  301   -    -  LOSS  
        -21  -96  -58  -39  -22  -13  -18  -71 -146 -151   -    -  DBU   
       -154 -214 -180 -163 -149 -143 -150 -205 -281 -287   -    -  S DBW 
       -167 -145 -149 -153 -158 -163 -166 -168 -170 -172   -    -  N DBW 
         13  -70  -30  -10    9   20   16  -37 -111 -115   -    -  SNR   
         17   86   46   26    7   -2   14   66  127  132   -    -  RPWRG 
       0.68 0.00 0.00 0.02 0.71 0.93 0.74 0.02 0.00 0.00   -    -  REL   
       0.00 0.00 0.00 0.00 0.00 0.00 0.00 0.00 0.00 0.00   -    -  MPROB 
       0.31 0.00 0.01 0.07 0.31 0.53 0.34 0.02 0.00 0.00   -    -  S PRB 
       25.0  9.7  9.7  9.7  9.7 11.4 25.0 25.0  9.7  9.7   -    -  SIG LW
       13.6  6.1  6.1  6.1  6.1  6.2 12.7 25.0 25.0  6.1   -    -  SIG UP
       26.8 13.2 13.1 13.1 13.3 14.8 26.8 26.8 13.7 13.7   -    -  SNR LW
       14.8  8.6  8.4  8.1  7.9  8.3 14.0 25.7 25.7  8.5   -    -  SNR UP
        0.0  0.0  0.0  0.0  0.0  0.0  0.0  0.0  0.0  0.0   -    -  TGAIN 
        0.0  0.0  0.0  0.0  0.0  0.0  0.0  0.0  0.0  0.0   -    -  RGAIN 
        -14  -83  -43  -23   -4    5  -11  -63 -124 -129   -    -  SNRxx 

  22.0 16.4  3.6  5.3  7.1 10.1 14.1 18.1 21.1 24.9 28.2  0.0  0.0 FREQ
       F2F2 F2F2 F2F2 F2F2 F2F2 F2F2 F2F2 F2F2 F2F2 F2F2   -    -  MODE  
        3.0  6.1  5.3  5.2  5.5  6.9  3.0 25.8 19.2 14.6   -    -  TANGLE
        3.0  6.1  5.3  5.2  5.5  6.9  3.0 11.5 11.5 11.5   -    -  RANGLE
       28.1 28.1 28.0 28.0 28.0 28.3 28.2 29.4 29.3 29.3   -    -  DELAY 
        304  297  277  274  283  319  330  487  499  512   -    -  V HITE
       0.50 1.00 1.00 1.00 1.00 0.91 0.16 0.00 0.00 0.00   -    -  MUFday
        165  195  174  164  156  155  182  214  284  298   -    -  LOSS  
        -20  -63  -39  -26  -15  -11  -36  -67 -135 -148   -    -  DBU   
       -152 -181 -161 -150 -142 -141 -168 -200 -270 -284   -    -  S DBW 
       -165 -144 -149 -153 -158 -163 -166 -168 -170 -172   -    -  N DBW 
         13  -37  -12    3   16   22   -2  -32 -100 -112   -    -  SNR   
         16   53   28   14    1   -1   32   62  126  129   -    -  RPWRG 
       0.69 0.00 0.01 0.49 0.89 0.92 0.41 0.04 0.00 0.00   -    -  REL   
       0.00 0.00 0.00 0.00 0.00 0.00 0.00 0.00 0.00 0.00   -    -  MPROB 
       0.31 0.00 0.06 0.21 0.45 0.52 0.17 0.03 0.00 0.00   -    -  S PRB 
       25.0 10.1 10.1 10.1 10.3 14.8 25.0 25.0 21.3 10.1   -    -  SIG LW
       15.7  6.5  6.5  6.5  6.5  6.8 25.0 25.0 25.0  6.5   -    -  SIG UP
       26.8 13.3 13.3 13.4 13.8 17.6 26.8 26.8 23.4 14.0   -    -  SNR LW
       16.7  8.7  8.5  8.3  8.2  8.8 25.7 25.7 25.7  8.8   -    -  SNR UP
        0.0  0.0  0.0  0.0  0.0  0.0  0.0  0.0  0.0  0.0   -    -  TGAIN 
        0.0  0.0  0.0  0.0  0.0  0.0  0.0  0.0  0.0  0.0   -    -  RGAIN 
        -13  -50  -25  -11    2    4  -29  -59 -123 -126   -    -  SNRxx 

  23.0 14.2  3.6  5.3  7.1 10.1 14.1 18.1 21.1 24.9 28.2  0.0  0.0 FREQ
       F2F2 F2F2 F2F2 F2F2 F2F2 F2F2 F2F2 F2F2 F2F2 F2F2   -    -  MODE  
        3.0  6.2  5.7  5.7  6.4  3.0 27.5 21.3 15.0 10.2   -    -  TANGLE
        3.0  6.2  5.7  5.7  6.4  3.0 11.9 11.9 11.9 11.9   -    -  RANGLE
       28.1 28.1 28.1 28.1 28.2 28.1 29.4 29.3 29.3 29.2   -    -  DELAY 
        308  300  287  288  305  307  486  496  511  526   -    -  V HITE
       0.50 1.00 1.00 1.00 1.00 0.52 0.01 0.00 0.00 0.00   -    -  MUFday
        164  177  164  157  152  163  209  270  294  303   -    -  LOSS  
        -20  -45  -29  -19  -11  -19  -62 -122 -145 -153   -    -  DBU   
       -150 -164 -150 -143 -139 -149 -195 -256 -281 -289   -    -  S DBW 
       -163 -144 -149 -153 -158 -163 -166 -168 -170 -172   -    -  N DBW 
         13  -20   -2    9   20   14  -28  -88 -110 -117   -    -  SNR   
         16   36   18    7   -3   16   58  117  127  134   -    -  RPWRG 
       0.69 0.00 0.23 0.74 0.94 0.70 0.06 0.00 0.00 0.00   -    -  REL   
       0.00 0.00 0.00 0.00 0.00 0.00 0.00 0.00 0.00 0.00   -    -  MPROB 
       0.31 0.02 0.14 0.32 0.52 0.32 0.04 0.00 0.00 0.00   -    -  S PRB 
       25.0  9.8  9.8  9.8 10.7 25.0 25.0 25.0  9.8  9.8   -    -  SIG LW
       15.3  6.4  6.4  6.4  6.7 14.9 25.0 25.0  6.4  6.4   -    -  SIG UP
       26.8 12.9 13.0 13.1 14.1 26.8 26.8 26.8 13.7 13.7   -    -  SNR LW
       16.3  8.5  8.3  8.1  8.4 16.0 25.7 25.7  8.7  8.7   -    -  SNR UP
        0.0  0.0  0.0  0.0  0.0  0.0  0.0  0.0  0.0  0.0   -    -  TGAIN 
        0.0  0.0  0.0  0.0  0.0  0.0  0.0  0.0  0.0  0.0   -    -  RGAIN 
        -13  -33  -15   -4    6  -13  -55 -114 -124 -131   -    -  SNRxx 

  24.0 12.0  3.6  5.3  7.1 10.1 14.1 18.1 21.1 24.9 28.2  0.0  0.0 FREQ
       F2F2 F2F2 F2F2 F2F2 F2F2 F2F2 F2F2 F2F2 F2F2 F2F2   -    -  MODE  
        3.0  6.5  6.1  6.3  7.5  3.0 21.8 15.9  9.4 12.2   -    -  TANGLE
        3.0  6.5  6.1  6.3  7.5  3.0 12.2 12.2 12.2 12.2   -    -  RANGLE
       28.1 28.2 28.1 28.2 28.4 28.3 29.3 29.3 29.2 29.0   -    -  DELAY 
        313  308  298  303  335  374  495  508  527  460   -    -  V HITE
       0.50 1.00 1.00 1.00 0.94 0.06 0.00 0.00 0.00 0.00   -    -  MUFday
        162  167  158  153  152  193  271  291  302  298   -    -  LOSS  
        -20  -35  -23  -15  -11  -49 -125 -143 -153 -148   -    -  DBU   
       -148 -153 -144 -139 -138 -180 -257 -277 -288 -284   -    -  S DBW 
       -161 -144 -149 -153 -159 -163 -167 -168 -170 -172   -    -  N DBW 
         13  -10    5   14   21  -16  -91 -108 -118 -112   -    -  SNR   
         17   24   10    1   -2   46  120  124  133  128   -    -  RPWRG 
       0.68 0.02 0.56 0.87 0.93 0.17 0.00 0.00 0.00 0.00   -    -  REL   
       0.00 0.00 0.00 0.00 0.00 0.00 0.00 0.00 0.00 0.00   -    -  MPROB 
       0.31 0.07 0.24 0.42 0.54 0.09 0.00 0.00 0.00 0.00   -    -  S PRB 
       25.0  8.2  8.2  8.3 11.8 25.0 25.0  8.2  8.2  8.2   -    -  SIG LW
       14.8  6.2  6.2  6.2  7.8 25.0 25.0  6.2  6.2  6.2   -    -  SIG UP
       26.8 11.8 11.9 12.2 15.1 26.8 26.8 12.7 12.7 12.7   -    -  SNR LW
       15.9  8.1  7.9  7.8  9.4 25.7 25.7  8.5  8.5  8.5   -    -  SNR UP
        0.0  0.0  0.0  0.0  0.0  0.0  0.0  0.0  0.0  0.0   -    -  TGAIN 
        0.0  0.0  0.0  0.0  0.0  0.0  0.0  0.0  0.0  0.0   -    -  RGAIN 
        -14  -21   -7    2    5  -43 -117 -121 -130 -125   -    -  SNRxx 
 *****END OF RUN*****     VOACAP 16.1207W
